{"C:\\Users\\akiku\\OneDrive\\Työpöytä\\VisualCode\\studentin\\studentin-server\\db.js": {"path":"C:\\Users\\akiku\\OneDrive\\Työpöytä\\VisualCode\\studentin\\studentin-server\\db.js","statementMap":{"0":{"start":{"line":4,"column":0},"end":{"line":4,"column":16}},"1":{"start":{"line":5,"column":21},"end":{"line":5,"column":58}},"2":{"start":{"line":6,"column":25},"end":{"line":6,"column":162}},"3":{"start":{"line":7,"column":13},"end":{"line":12,"column":2}},"4":{"start":{"line":14,"column":42},"end":{"line":14,"column":66}}},"fnMap":{"0":{"name":"(anonymous_0)","decl":{"start":{"line":14,"column":24},"end":{"line":14,"column":25}},"loc":{"start":{"line":14,"column":42},"end":{"line":14,"column":66}},"line":14}},"branchMap":{"0":{"loc":{"start":{"line":8,"column":20},"end":{"line":10,"column":22}},"type":"cond-expr","locations":[{"start":{"line":9,"column":6},"end":{"line":9,"column":30}},{"start":{"line":10,"column":6},"end":{"line":10,"column":22}}],"line":8},"1":{"loc":{"start":{"line":11,"column":7},"end":{"line":11,"column":59}},"type":"cond-expr","locations":[{"start":{"line":11,"column":22},"end":{"line":11,"column":51}},{"start":{"line":11,"column":54},"end":{"line":11,"column":59}}],"line":11}},"s":{"0":1,"1":1,"2":1,"3":1,"4":77},"f":{"0":77},"b":{"0":[0,1],"1":[0,1]},"_coverageSchema":"1a1c01bbd47fc00a2c39e90264f33305004495a9","hash":"0456e5c5787e9faac1b4650433b9ceb5b29c1f9b"}
,"C:\\Users\\akiku\\OneDrive\\Työpöytä\\VisualCode\\studentin\\studentin-server\\http-error.js": {"path":"C:\\Users\\akiku\\OneDrive\\Työpöytä\\VisualCode\\studentin\\studentin-server\\http-error.js","statementMap":{"0":{"start":{"line":3,"column":4},"end":{"line":3,"column":19}},"1":{"start":{"line":4,"column":4},"end":{"line":4,"column":26}}},"fnMap":{"0":{"name":"(anonymous_0)","decl":{"start":{"line":2,"column":2},"end":{"line":2,"column":3}},"loc":{"start":{"line":2,"column":34},"end":{"line":5,"column":3}},"line":2}},"branchMap":{},"s":{"0":3,"1":3},"f":{"0":3},"b":{},"_coverageSchema":"1a1c01bbd47fc00a2c39e90264f33305004495a9","hash":"e09c468c8954a4dc13a026c506ae9d7bf632a210"}
,"C:\\Users\\akiku\\OneDrive\\Työpöytä\\VisualCode\\studentin\\studentin-server\\server.js": {"path":"C:\\Users\\akiku\\OneDrive\\Työpöytä\\VisualCode\\studentin\\studentin-server\\server.js","statementMap":{"0":{"start":{"line":9,"column":0},"end":{"line":9,"column":16}},"1":{"start":{"line":11,"column":12},"end":{"line":11,"column":21}},"2":{"start":{"line":12,"column":0},"end":{"line":12,"column":23}},"3":{"start":{"line":13,"column":0},"end":{"line":13,"column":24}},"4":{"start":{"line":14,"column":0},"end":{"line":14,"column":16}},"5":{"start":{"line":17,"column":16},"end":{"line":67,"column":1}},"6":{"start":{"line":18,"column":20},"end":{"line":21,"column":3}},"7":{"start":{"line":23,"column":2},"end":{"line":25,"column":3}},"8":{"start":{"line":24,"column":4},"end":{"line":24,"column":62}},"9":{"start":{"line":27,"column":2},"end":{"line":31,"column":3}},"10":{"start":{"line":28,"column":4},"end":{"line":28,"column":62}},"11":{"start":{"line":30,"column":4},"end":{"line":30,"column":73}},"12":{"start":{"line":33,"column":17},"end":{"line":36,"column":3}},"13":{"start":{"line":38,"column":2},"end":{"line":66,"column":3}},"14":{"start":{"line":39,"column":18},"end":{"line":42,"column":5}},"15":{"start":{"line":46,"column":4},"end":{"line":57,"column":5}},"16":{"start":{"line":47,"column":6},"end":{"line":54,"column":8}},"17":{"start":{"line":56,"column":6},"end":{"line":56,"column":73}},"18":{"start":{"line":59,"column":4},"end":{"line":63,"column":7}},"19":{"start":{"line":65,"column":4},"end":{"line":65,"column":47}},"20":{"start":{"line":68,"column":0},"end":{"line":68,"column":33}},"21":{"start":{"line":71,"column":19},"end":{"line":103,"column":1}},"22":{"start":{"line":73,"column":2},"end":{"line":87,"column":3}},"23":{"start":{"line":74,"column":4},"end":{"line":77,"column":6}},"24":{"start":{"line":78,"column":9},"end":{"line":87,"column":3}},"25":{"start":{"line":79,"column":4},"end":{"line":82,"column":6}},"26":{"start":{"line":84,"column":4},"end":{"line":86,"column":7}},"27":{"start":{"line":89,"column":2},"end":{"line":102,"column":3}},"28":{"start":{"line":90,"column":4},"end":{"line":90,"column":26}},"29":{"start":{"line":91,"column":18},"end":{"line":94,"column":5}},"30":{"start":{"line":95,"column":4},"end":{"line":97,"column":7}},"31":{"start":{"line":99,"column":4},"end":{"line":101,"column":7}},"32":{"start":{"line":104,"column":0},"end":{"line":104,"column":39}},"33":{"start":{"line":107,"column":23},"end":{"line":121,"column":1}},"34":{"start":{"line":108,"column":19},"end":{"line":111,"column":3}},"35":{"start":{"line":112,"column":2},"end":{"line":120,"column":3}},"36":{"start":{"line":113,"column":4},"end":{"line":115,"column":7}},"37":{"start":{"line":117,"column":4},"end":{"line":119,"column":7}},"38":{"start":{"line":122,"column":0},"end":{"line":122,"column":46}},"39":{"start":{"line":124,"column":20},"end":{"line":147,"column":1}},"40":{"start":{"line":125,"column":19},"end":{"line":128,"column":3}},"41":{"start":{"line":129,"column":2},"end":{"line":146,"column":3}},"42":{"start":{"line":130,"column":24},"end":{"line":133,"column":5}},"43":{"start":{"line":135,"column":4},"end":{"line":141,"column":5}},"44":{"start":{"line":136,"column":6},"end":{"line":136,"column":42}},"45":{"start":{"line":137,"column":25},"end":{"line":137,"column":47}},"46":{"start":{"line":138,"column":6},"end":{"line":140,"column":9}},"47":{"start":{"line":143,"column":4},"end":{"line":145,"column":7}},"48":{"start":{"line":148,"column":0},"end":{"line":148,"column":38}},"49":{"start":{"line":150,"column":18},"end":{"line":179,"column":1}},"50":{"start":{"line":151,"column":21},"end":{"line":154,"column":3}},"51":{"start":{"line":155,"column":2},"end":{"line":178,"column":3}},"52":{"start":{"line":160,"column":4},"end":{"line":160,"column":28}},"53":{"start":{"line":161,"column":4},"end":{"line":163,"column":7}},"54":{"start":{"line":165,"column":21},"end":{"line":168,"column":5}},"55":{"start":{"line":169,"column":4},"end":{"line":177,"column":5}},"56":{"start":{"line":170,"column":6},"end":{"line":172,"column":9}},"57":{"start":{"line":174,"column":6},"end":{"line":176,"column":9}},"58":{"start":{"line":180,"column":0},"end":{"line":180,"column":37}},"59":{"start":{"line":184,"column":20},"end":{"line":195,"column":1}},"60":{"start":{"line":185,"column":14},"end":{"line":185,"column":37}},"61":{"start":{"line":186,"column":16},"end":{"line":189,"column":3}},"62":{"start":{"line":190,"column":2},"end":{"line":194,"column":3}},"63":{"start":{"line":191,"column":4},"end":{"line":191,"column":46}},"64":{"start":{"line":193,"column":4},"end":{"line":193,"column":36}},"65":{"start":{"line":196,"column":0},"end":{"line":196,"column":39}},"66":{"start":{"line":198,"column":28},"end":{"line":209,"column":1}},"67":{"start":{"line":199,"column":15},"end":{"line":199,"column":30}},"68":{"start":{"line":201,"column":16},"end":{"line":203,"column":3}},"69":{"start":{"line":204,"column":2},"end":{"line":208,"column":3}},"70":{"start":{"line":205,"column":4},"end":{"line":205,"column":42}},"71":{"start":{"line":207,"column":4},"end":{"line":207,"column":36}},"72":{"start":{"line":210,"column":0},"end":{"line":210,"column":48}},"73":{"start":{"line":211,"column":26},"end":{"line":222,"column":1}},"74":{"start":{"line":212,"column":15},"end":{"line":212,"column":33}},"75":{"start":{"line":214,"column":19},"end":{"line":216,"column":3}},"76":{"start":{"line":217,"column":2},"end":{"line":221,"column":3}},"77":{"start":{"line":218,"column":4},"end":{"line":218,"column":45}},"78":{"start":{"line":220,"column":4},"end":{"line":220,"column":42}},"79":{"start":{"line":223,"column":0},"end":{"line":223,"column":58}},"80":{"start":{"line":224,"column":29},"end":{"line":239,"column":1}},"81":{"start":{"line":225,"column":16},"end":{"line":225,"column":32}},"82":{"start":{"line":227,"column":17},"end":{"line":233,"column":3}},"83":{"start":{"line":234,"column":2},"end":{"line":238,"column":3}},"84":{"start":{"line":235,"column":4},"end":{"line":235,"column":50}},"85":{"start":{"line":237,"column":4},"end":{"line":237,"column":38}},"86":{"start":{"line":240,"column":0},"end":{"line":240,"column":57}},"87":{"start":{"line":241,"column":17},"end":{"line":246,"column":1}},"88":{"start":{"line":242,"column":16},"end":{"line":244,"column":3}},"89":{"start":{"line":245,"column":2},"end":{"line":245,"column":34}},"90":{"start":{"line":247,"column":0},"end":{"line":247,"column":33}},"91":{"start":{"line":248,"column":26},"end":{"line":259,"column":1}},"92":{"start":{"line":249,"column":14},"end":{"line":249,"column":38}},"93":{"start":{"line":250,"column":18},"end":{"line":257,"column":3}},"94":{"start":{"line":258,"column":2},"end":{"line":258,"column":38}},"95":{"start":{"line":260,"column":0},"end":{"line":260,"column":48}},"96":{"start":{"line":261,"column":18},"end":{"line":309,"column":1}},"97":{"start":{"line":262,"column":19},"end":{"line":262,"column":36}},"98":{"start":{"line":263,"column":19},"end":{"line":263,"column":36}},"99":{"start":{"line":265,"column":16},"end":{"line":268,"column":3}},"100":{"start":{"line":269,"column":2},"end":{"line":308,"column":3}},"101":{"start":{"line":270,"column":4},"end":{"line":270,"column":54}},"102":{"start":{"line":272,"column":18},"end":{"line":272,"column":40}},"103":{"start":{"line":273,"column":26},"end":{"line":273,"column":31}},"104":{"start":{"line":274,"column":4},"end":{"line":278,"column":5}},"105":{"start":{"line":275,"column":6},"end":{"line":275,"column":62}},"106":{"start":{"line":277,"column":6},"end":{"line":277,"column":76}},"107":{"start":{"line":279,"column":4},"end":{"line":307,"column":5}},"108":{"start":{"line":280,"column":6},"end":{"line":280,"column":56}},"109":{"start":{"line":281,"column":6},"end":{"line":281,"column":76}},"110":{"start":{"line":283,"column":20},"end":{"line":286,"column":7}},"111":{"start":{"line":288,"column":6},"end":{"line":299,"column":7}},"112":{"start":{"line":289,"column":8},"end":{"line":296,"column":10}},"113":{"start":{"line":298,"column":8},"end":{"line":298,"column":77}},"114":{"start":{"line":301,"column":6},"end":{"line":305,"column":9}},"115":{"start":{"line":310,"column":0},"end":{"line":310,"column":35}},"116":{"start":{"line":313,"column":23},"end":{"line":324,"column":1}},"117":{"start":{"line":314,"column":22},"end":{"line":314,"column":73}},"118":{"start":{"line":316,"column":2},"end":{"line":320,"column":3}},"119":{"start":{"line":317,"column":4},"end":{"line":319,"column":7}},"120":{"start":{"line":321,"column":2},"end":{"line":323,"column":5}},"121":{"start":{"line":325,"column":0},"end":{"line":325,"column":42}},"122":{"start":{"line":327,"column":22},"end":{"line":344,"column":1}},"123":{"start":{"line":328,"column":14},"end":{"line":328,"column":38}},"124":{"start":{"line":329,"column":21},"end":{"line":335,"column":3}},"125":{"start":{"line":337,"column":2},"end":{"line":343,"column":3}},"126":{"start":{"line":338,"column":4},"end":{"line":340,"column":7}},"127":{"start":{"line":342,"column":4},"end":{"line":342,"column":44}},"128":{"start":{"line":345,"column":0},"end":{"line":345,"column":47}},"129":{"start":{"line":348,"column":22},"end":{"line":367,"column":1}},"130":{"start":{"line":349,"column":14},"end":{"line":349,"column":38}},"131":{"start":{"line":350,"column":19},"end":{"line":356,"column":3}},"132":{"start":{"line":358,"column":2},"end":{"line":366,"column":3}},"133":{"start":{"line":359,"column":4},"end":{"line":361,"column":7}},"134":{"start":{"line":363,"column":4},"end":{"line":365,"column":7}},"135":{"start":{"line":368,"column":0},"end":{"line":368,"column":48}},"136":{"start":{"line":370,"column":29},"end":{"line":386,"column":1}},"137":{"start":{"line":371,"column":20},"end":{"line":371,"column":40}},"138":{"start":{"line":372,"column":19},"end":{"line":375,"column":3}},"139":{"start":{"line":377,"column":2},"end":{"line":385,"column":3}},"140":{"start":{"line":378,"column":4},"end":{"line":380,"column":7}},"141":{"start":{"line":382,"column":4},"end":{"line":384,"column":7}},"142":{"start":{"line":387,"column":0},"end":{"line":387,"column":56}},"143":{"start":{"line":389,"column":19},"end":{"line":410,"column":1}},"144":{"start":{"line":390,"column":14},"end":{"line":390,"column":35}},"145":{"start":{"line":391,"column":23},"end":{"line":391,"column":25}},"146":{"start":{"line":392,"column":2},"end":{"line":396,"column":3}},"147":{"start":{"line":393,"column":4},"end":{"line":393,"column":62}},"148":{"start":{"line":395,"column":4},"end":{"line":395,"column":73}},"149":{"start":{"line":398,"column":16},"end":{"line":404,"column":3}},"150":{"start":{"line":405,"column":21},"end":{"line":408,"column":3}},"151":{"start":{"line":409,"column":2},"end":{"line":409,"column":39}},"152":{"start":{"line":411,"column":0},"end":{"line":411,"column":37}},"153":{"start":{"line":413,"column":24},"end":{"line":446,"column":1}},"154":{"start":{"line":414,"column":14},"end":{"line":414,"column":35}},"155":{"start":{"line":415,"column":15},"end":{"line":415,"column":28}},"156":{"start":{"line":416,"column":14},"end":{"line":416,"column":27}},"157":{"start":{"line":418,"column":18},"end":{"line":418,"column":62}},"158":{"start":{"line":419,"column":2},"end":{"line":445,"column":3}},"159":{"start":{"line":421,"column":18},"end":{"line":427,"column":5}},"160":{"start":{"line":429,"column":18},"end":{"line":435,"column":5}},"161":{"start":{"line":436,"column":4},"end":{"line":442,"column":5}},"162":{"start":{"line":437,"column":6},"end":{"line":439,"column":9}},"163":{"start":{"line":441,"column":6},"end":{"line":441,"column":46}},"164":{"start":{"line":444,"column":4},"end":{"line":444,"column":55}},"165":{"start":{"line":447,"column":0},"end":{"line":447,"column":52}},"166":{"start":{"line":448,"column":27},"end":{"line":481,"column":1}},"167":{"start":{"line":449,"column":14},"end":{"line":449,"column":36}},"168":{"start":{"line":450,"column":15},"end":{"line":450,"column":28}},"169":{"start":{"line":451,"column":14},"end":{"line":451,"column":27}},"170":{"start":{"line":453,"column":18},"end":{"line":453,"column":29}},"171":{"start":{"line":454,"column":2},"end":{"line":480,"column":3}},"172":{"start":{"line":456,"column":18},"end":{"line":462,"column":5}},"173":{"start":{"line":464,"column":18},"end":{"line":470,"column":5}},"174":{"start":{"line":471,"column":4},"end":{"line":477,"column":5}},"175":{"start":{"line":472,"column":6},"end":{"line":474,"column":9}},"176":{"start":{"line":476,"column":6},"end":{"line":476,"column":46}},"177":{"start":{"line":479,"column":4},"end":{"line":479,"column":55}},"178":{"start":{"line":482,"column":0},"end":{"line":482,"column":54}},"179":{"start":{"line":484,"column":30},"end":{"line":500,"column":1}},"180":{"start":{"line":485,"column":14},"end":{"line":485,"column":35}},"181":{"start":{"line":486,"column":22},"end":{"line":489,"column":3}},"182":{"start":{"line":491,"column":27},"end":{"line":494,"column":3}},"183":{"start":{"line":495,"column":2},"end":{"line":499,"column":3}},"184":{"start":{"line":496,"column":4},"end":{"line":496,"column":60}},"185":{"start":{"line":498,"column":4},"end":{"line":498,"column":62}},"186":{"start":{"line":501,"column":0},"end":{"line":501,"column":61}},"187":{"start":{"line":502,"column":26},"end":{"line":517,"column":1}},"188":{"start":{"line":503,"column":14},"end":{"line":503,"column":35}},"189":{"start":{"line":504,"column":18},"end":{"line":506,"column":4}},"190":{"start":{"line":508,"column":23},"end":{"line":511,"column":3}},"191":{"start":{"line":512,"column":2},"end":{"line":516,"column":3}},"192":{"start":{"line":513,"column":4},"end":{"line":513,"column":56}},"193":{"start":{"line":515,"column":4},"end":{"line":515,"column":58}},"194":{"start":{"line":518,"column":0},"end":{"line":518,"column":53}},"195":{"start":{"line":519,"column":23},"end":{"line":532,"column":1}},"196":{"start":{"line":520,"column":14},"end":{"line":520,"column":35}},"197":{"start":{"line":522,"column":16},"end":{"line":522,"column":74}},"198":{"start":{"line":523,"column":21},"end":{"line":526,"column":3}},"199":{"start":{"line":527,"column":2},"end":{"line":531,"column":3}},"200":{"start":{"line":528,"column":4},"end":{"line":528,"column":47}},"201":{"start":{"line":530,"column":4},"end":{"line":530,"column":50}},"202":{"start":{"line":533,"column":0},"end":{"line":533,"column":42}},"203":{"start":{"line":534,"column":28},"end":{"line":544,"column":1}},"204":{"start":{"line":535,"column":19},"end":{"line":540,"column":3}},"205":{"start":{"line":541,"column":2},"end":{"line":543,"column":3}},"206":{"start":{"line":542,"column":4},"end":{"line":542,"column":31}},"207":{"start":{"line":545,"column":0},"end":{"line":545,"column":56}},"208":{"start":{"line":547,"column":26},"end":{"line":563,"column":1}},"209":{"start":{"line":548,"column":14},"end":{"line":548,"column":36}},"210":{"start":{"line":550,"column":26},"end":{"line":553,"column":3}},"211":{"start":{"line":554,"column":23},"end":{"line":556,"column":4}},"212":{"start":{"line":557,"column":2},"end":{"line":562,"column":3}},"213":{"start":{"line":558,"column":4},"end":{"line":558,"column":33}},"214":{"start":{"line":559,"column":4},"end":{"line":559,"column":50}},"215":{"start":{"line":561,"column":4},"end":{"line":561,"column":53}},"216":{"start":{"line":564,"column":0},"end":{"line":564,"column":47}},"217":{"start":{"line":566,"column":21},"end":{"line":575,"column":1}},"218":{"start":{"line":567,"column":14},"end":{"line":567,"column":44}},"219":{"start":{"line":568,"column":14},"end":{"line":568,"column":45}},"220":{"start":{"line":569,"column":18},"end":{"line":572,"column":3}},"221":{"start":{"line":574,"column":2},"end":{"line":574,"column":50}},"222":{"start":{"line":576,"column":0},"end":{"line":576,"column":42}},"223":{"start":{"line":578,"column":25},"end":{"line":587,"column":1}},"224":{"start":{"line":579,"column":14},"end":{"line":579,"column":36}},"225":{"start":{"line":580,"column":14},"end":{"line":580,"column":36}},"226":{"start":{"line":581,"column":22},"end":{"line":584,"column":3}},"227":{"start":{"line":585,"column":2},"end":{"line":585,"column":27}},"228":{"start":{"line":586,"column":2},"end":{"line":586,"column":68}},"229":{"start":{"line":588,"column":0},"end":{"line":588,"column":49}},"230":{"start":{"line":591,"column":0},"end":{"line":593,"column":3}},"231":{"start":{"line":592,"column":2},"end":{"line":592,"column":57}},"232":{"start":{"line":594,"column":0},"end":{"line":601,"column":3}},"233":{"start":{"line":595,"column":2},"end":{"line":597,"column":3}},"234":{"start":{"line":596,"column":4},"end":{"line":596,"column":23}},"235":{"start":{"line":599,"column":2},"end":{"line":599,"column":32}},"236":{"start":{"line":600,"column":2},"end":{"line":600,"column":66}},"237":{"start":{"line":603,"column":0},"end":{"line":605,"column":2}},"238":{"start":{"line":604,"column":2},"end":{"line":604,"column":59}}},"fnMap":{"0":{"name":"(anonymous_0)","decl":{"start":{"line":17,"column":16},"end":{"line":17,"column":17}},"loc":{"start":{"line":17,"column":42},"end":{"line":67,"column":1}},"line":17},"1":{"name":"(anonymous_1)","decl":{"start":{"line":71,"column":19},"end":{"line":71,"column":20}},"loc":{"start":{"line":71,"column":45},"end":{"line":103,"column":1}},"line":71},"2":{"name":"(anonymous_2)","decl":{"start":{"line":107,"column":23},"end":{"line":107,"column":24}},"loc":{"start":{"line":107,"column":49},"end":{"line":121,"column":1}},"line":107},"3":{"name":"(anonymous_3)","decl":{"start":{"line":124,"column":20},"end":{"line":124,"column":21}},"loc":{"start":{"line":124,"column":46},"end":{"line":147,"column":1}},"line":124},"4":{"name":"(anonymous_4)","decl":{"start":{"line":150,"column":18},"end":{"line":150,"column":19}},"loc":{"start":{"line":150,"column":44},"end":{"line":179,"column":1}},"line":150},"5":{"name":"(anonymous_5)","decl":{"start":{"line":184,"column":20},"end":{"line":184,"column":21}},"loc":{"start":{"line":184,"column":46},"end":{"line":195,"column":1}},"line":184},"6":{"name":"(anonymous_6)","decl":{"start":{"line":198,"column":28},"end":{"line":198,"column":29}},"loc":{"start":{"line":198,"column":54},"end":{"line":209,"column":1}},"line":198},"7":{"name":"(anonymous_7)","decl":{"start":{"line":211,"column":26},"end":{"line":211,"column":27}},"loc":{"start":{"line":211,"column":52},"end":{"line":222,"column":1}},"line":211},"8":{"name":"(anonymous_8)","decl":{"start":{"line":224,"column":29},"end":{"line":224,"column":30}},"loc":{"start":{"line":224,"column":55},"end":{"line":239,"column":1}},"line":224},"9":{"name":"(anonymous_9)","decl":{"start":{"line":241,"column":17},"end":{"line":241,"column":18}},"loc":{"start":{"line":241,"column":43},"end":{"line":246,"column":1}},"line":241},"10":{"name":"(anonymous_10)","decl":{"start":{"line":248,"column":26},"end":{"line":248,"column":27}},"loc":{"start":{"line":248,"column":52},"end":{"line":259,"column":1}},"line":248},"11":{"name":"(anonymous_11)","decl":{"start":{"line":261,"column":18},"end":{"line":261,"column":19}},"loc":{"start":{"line":261,"column":44},"end":{"line":309,"column":1}},"line":261},"12":{"name":"(anonymous_12)","decl":{"start":{"line":313,"column":23},"end":{"line":313,"column":24}},"loc":{"start":{"line":313,"column":49},"end":{"line":324,"column":1}},"line":313},"13":{"name":"(anonymous_13)","decl":{"start":{"line":327,"column":22},"end":{"line":327,"column":23}},"loc":{"start":{"line":327,"column":48},"end":{"line":344,"column":1}},"line":327},"14":{"name":"(anonymous_14)","decl":{"start":{"line":348,"column":22},"end":{"line":348,"column":23}},"loc":{"start":{"line":348,"column":48},"end":{"line":367,"column":1}},"line":348},"15":{"name":"(anonymous_15)","decl":{"start":{"line":370,"column":29},"end":{"line":370,"column":30}},"loc":{"start":{"line":370,"column":55},"end":{"line":386,"column":1}},"line":370},"16":{"name":"(anonymous_16)","decl":{"start":{"line":389,"column":19},"end":{"line":389,"column":20}},"loc":{"start":{"line":389,"column":45},"end":{"line":410,"column":1}},"line":389},"17":{"name":"(anonymous_17)","decl":{"start":{"line":413,"column":24},"end":{"line":413,"column":25}},"loc":{"start":{"line":413,"column":50},"end":{"line":446,"column":1}},"line":413},"18":{"name":"(anonymous_18)","decl":{"start":{"line":448,"column":27},"end":{"line":448,"column":28}},"loc":{"start":{"line":448,"column":53},"end":{"line":481,"column":1}},"line":448},"19":{"name":"(anonymous_19)","decl":{"start":{"line":484,"column":30},"end":{"line":484,"column":31}},"loc":{"start":{"line":484,"column":56},"end":{"line":500,"column":1}},"line":484},"20":{"name":"(anonymous_20)","decl":{"start":{"line":502,"column":26},"end":{"line":502,"column":27}},"loc":{"start":{"line":502,"column":52},"end":{"line":517,"column":1}},"line":502},"21":{"name":"(anonymous_21)","decl":{"start":{"line":519,"column":23},"end":{"line":519,"column":24}},"loc":{"start":{"line":519,"column":49},"end":{"line":532,"column":1}},"line":519},"22":{"name":"(anonymous_22)","decl":{"start":{"line":534,"column":28},"end":{"line":534,"column":29}},"loc":{"start":{"line":534,"column":54},"end":{"line":544,"column":1}},"line":534},"23":{"name":"(anonymous_23)","decl":{"start":{"line":547,"column":26},"end":{"line":547,"column":27}},"loc":{"start":{"line":547,"column":52},"end":{"line":563,"column":1}},"line":547},"24":{"name":"(anonymous_24)","decl":{"start":{"line":566,"column":21},"end":{"line":566,"column":22}},"loc":{"start":{"line":566,"column":47},"end":{"line":575,"column":1}},"line":566},"25":{"name":"(anonymous_25)","decl":{"start":{"line":578,"column":25},"end":{"line":578,"column":26}},"loc":{"start":{"line":578,"column":51},"end":{"line":587,"column":1}},"line":578},"26":{"name":"(anonymous_26)","decl":{"start":{"line":591,"column":8},"end":{"line":591,"column":9}},"loc":{"start":{"line":591,"column":28},"end":{"line":593,"column":1}},"line":591},"27":{"name":"(anonymous_27)","decl":{"start":{"line":594,"column":8},"end":{"line":594,"column":9}},"loc":{"start":{"line":594,"column":35},"end":{"line":601,"column":1}},"line":594},"28":{"name":"(anonymous_28)","decl":{"start":{"line":603,"column":29},"end":{"line":603,"column":30}},"loc":{"start":{"line":604,"column":2},"end":{"line":604,"column":59}},"line":604}},"branchMap":{"0":{"loc":{"start":{"line":23,"column":2},"end":{"line":25,"column":3}},"type":"if","locations":[{"start":{"line":23,"column":2},"end":{"line":25,"column":3}},{"start":{},"end":{}}],"line":23},"1":{"loc":{"start":{"line":38,"column":2},"end":{"line":66,"column":3}},"type":"if","locations":[{"start":{"line":38,"column":2},"end":{"line":66,"column":3}},{"start":{"line":64,"column":9},"end":{"line":66,"column":3}}],"line":38},"2":{"loc":{"start":{"line":73,"column":2},"end":{"line":87,"column":3}},"type":"if","locations":[{"start":{"line":73,"column":2},"end":{"line":87,"column":3}},{"start":{"line":78,"column":9},"end":{"line":87,"column":3}}],"line":73},"3":{"loc":{"start":{"line":73,"column":6},"end":{"line":73,"column":63}},"type":"binary-expr","locations":[{"start":{"line":73,"column":6},"end":{"line":73,"column":26}},{"start":{"line":73,"column":30},"end":{"line":73,"column":63}}],"line":73},"4":{"loc":{"start":{"line":78,"column":9},"end":{"line":87,"column":3}},"type":"if","locations":[{"start":{"line":78,"column":9},"end":{"line":87,"column":3}},{"start":{"line":83,"column":9},"end":{"line":87,"column":3}}],"line":78},"5":{"loc":{"start":{"line":78,"column":13},"end":{"line":78,"column":68}},"type":"binary-expr","locations":[{"start":{"line":78,"column":13},"end":{"line":78,"column":33}},{"start":{"line":78,"column":37},"end":{"line":78,"column":68}}],"line":78},"6":{"loc":{"start":{"line":89,"column":2},"end":{"line":102,"column":3}},"type":"if","locations":[{"start":{"line":89,"column":2},"end":{"line":102,"column":3}},{"start":{"line":98,"column":9},"end":{"line":102,"column":3}}],"line":89},"7":{"loc":{"start":{"line":112,"column":2},"end":{"line":120,"column":3}},"type":"if","locations":[{"start":{"line":112,"column":2},"end":{"line":120,"column":3}},{"start":{"line":116,"column":9},"end":{"line":120,"column":3}}],"line":112},"8":{"loc":{"start":{"line":112,"column":6},"end":{"line":112,"column":41}},"type":"binary-expr","locations":[{"start":{"line":112,"column":6},"end":{"line":112,"column":14}},{"start":{"line":112,"column":18},"end":{"line":112,"column":41}}],"line":112},"9":{"loc":{"start":{"line":129,"column":2},"end":{"line":146,"column":3}},"type":"if","locations":[{"start":{"line":129,"column":2},"end":{"line":146,"column":3}},{"start":{"line":142,"column":9},"end":{"line":146,"column":3}}],"line":129},"10":{"loc":{"start":{"line":135,"column":4},"end":{"line":141,"column":5}},"type":"if","locations":[{"start":{"line":135,"column":4},"end":{"line":141,"column":5}},{"start":{},"end":{}}],"line":135},"11":{"loc":{"start":{"line":155,"column":2},"end":{"line":178,"column":3}},"type":"if","locations":[{"start":{"line":155,"column":2},"end":{"line":178,"column":3}},{"start":{"line":164,"column":9},"end":{"line":178,"column":3}}],"line":155},"12":{"loc":{"start":{"line":156,"column":4},"end":{"line":158,"column":32}},"type":"binary-expr","locations":[{"start":{"line":156,"column":4},"end":{"line":156,"column":28}},{"start":{"line":157,"column":4},"end":{"line":157,"column":27}},{"start":{"line":158,"column":4},"end":{"line":158,"column":32}}],"line":156},"13":{"loc":{"start":{"line":169,"column":4},"end":{"line":177,"column":5}},"type":"if","locations":[{"start":{"line":169,"column":4},"end":{"line":177,"column":5}},{"start":{"line":173,"column":11},"end":{"line":177,"column":5}}],"line":169},"14":{"loc":{"start":{"line":169,"column":8},"end":{"line":169,"column":55}},"type":"binary-expr","locations":[{"start":{"line":169,"column":8},"end":{"line":169,"column":30}},{"start":{"line":169,"column":34},"end":{"line":169,"column":55}}],"line":169},"15":{"loc":{"start":{"line":190,"column":2},"end":{"line":194,"column":3}},"type":"if","locations":[{"start":{"line":190,"column":2},"end":{"line":194,"column":3}},{"start":{"line":192,"column":9},"end":{"line":194,"column":3}}],"line":190},"16":{"loc":{"start":{"line":204,"column":2},"end":{"line":208,"column":3}},"type":"if","locations":[{"start":{"line":204,"column":2},"end":{"line":208,"column":3}},{"start":{"line":206,"column":9},"end":{"line":208,"column":3}}],"line":204},"17":{"loc":{"start":{"line":217,"column":2},"end":{"line":221,"column":3}},"type":"if","locations":[{"start":{"line":217,"column":2},"end":{"line":221,"column":3}},{"start":{"line":219,"column":9},"end":{"line":221,"column":3}}],"line":217},"18":{"loc":{"start":{"line":234,"column":2},"end":{"line":238,"column":3}},"type":"if","locations":[{"start":{"line":234,"column":2},"end":{"line":238,"column":3}},{"start":{"line":236,"column":9},"end":{"line":238,"column":3}}],"line":234},"19":{"loc":{"start":{"line":269,"column":2},"end":{"line":308,"column":3}},"type":"if","locations":[{"start":{"line":269,"column":2},"end":{"line":308,"column":3}},{"start":{"line":271,"column":9},"end":{"line":308,"column":3}}],"line":269},"20":{"loc":{"start":{"line":279,"column":4},"end":{"line":307,"column":5}},"type":"if","locations":[{"start":{"line":279,"column":4},"end":{"line":307,"column":5}},{"start":{"line":282,"column":11},"end":{"line":307,"column":5}}],"line":279},"21":{"loc":{"start":{"line":316,"column":2},"end":{"line":320,"column":3}},"type":"if","locations":[{"start":{"line":316,"column":2},"end":{"line":320,"column":3}},{"start":{},"end":{}}],"line":316},"22":{"loc":{"start":{"line":337,"column":2},"end":{"line":343,"column":3}},"type":"if","locations":[{"start":{"line":337,"column":2},"end":{"line":343,"column":3}},{"start":{"line":341,"column":9},"end":{"line":343,"column":3}}],"line":337},"23":{"loc":{"start":{"line":358,"column":2},"end":{"line":366,"column":3}},"type":"if","locations":[{"start":{"line":358,"column":2},"end":{"line":366,"column":3}},{"start":{"line":362,"column":9},"end":{"line":366,"column":3}}],"line":358},"24":{"loc":{"start":{"line":377,"column":2},"end":{"line":385,"column":3}},"type":"if","locations":[{"start":{"line":377,"column":2},"end":{"line":385,"column":3}},{"start":{"line":381,"column":9},"end":{"line":385,"column":3}}],"line":377},"25":{"loc":{"start":{"line":419,"column":2},"end":{"line":445,"column":3}},"type":"if","locations":[{"start":{"line":419,"column":2},"end":{"line":445,"column":3}},{"start":{"line":443,"column":9},"end":{"line":445,"column":3}}],"line":419},"26":{"loc":{"start":{"line":436,"column":4},"end":{"line":442,"column":5}},"type":"if","locations":[{"start":{"line":436,"column":4},"end":{"line":442,"column":5}},{"start":{"line":440,"column":11},"end":{"line":442,"column":5}}],"line":436},"27":{"loc":{"start":{"line":436,"column":8},"end":{"line":436,"column":51}},"type":"binary-expr","locations":[{"start":{"line":436,"column":8},"end":{"line":436,"column":29}},{"start":{"line":436,"column":33},"end":{"line":436,"column":51}}],"line":436},"28":{"loc":{"start":{"line":454,"column":2},"end":{"line":480,"column":3}},"type":"if","locations":[{"start":{"line":454,"column":2},"end":{"line":480,"column":3}},{"start":{"line":478,"column":9},"end":{"line":480,"column":3}}],"line":454},"29":{"loc":{"start":{"line":471,"column":4},"end":{"line":477,"column":5}},"type":"if","locations":[{"start":{"line":471,"column":4},"end":{"line":477,"column":5}},{"start":{"line":475,"column":11},"end":{"line":477,"column":5}}],"line":471},"30":{"loc":{"start":{"line":471,"column":8},"end":{"line":471,"column":51}},"type":"binary-expr","locations":[{"start":{"line":471,"column":8},"end":{"line":471,"column":29}},{"start":{"line":471,"column":33},"end":{"line":471,"column":51}}],"line":471},"31":{"loc":{"start":{"line":495,"column":2},"end":{"line":499,"column":3}},"type":"if","locations":[{"start":{"line":495,"column":2},"end":{"line":499,"column":3}},{"start":{"line":497,"column":9},"end":{"line":499,"column":3}}],"line":495},"32":{"loc":{"start":{"line":512,"column":2},"end":{"line":516,"column":3}},"type":"if","locations":[{"start":{"line":512,"column":2},"end":{"line":516,"column":3}},{"start":{"line":514,"column":9},"end":{"line":516,"column":3}}],"line":512},"33":{"loc":{"start":{"line":527,"column":2},"end":{"line":531,"column":3}},"type":"if","locations":[{"start":{"line":527,"column":2},"end":{"line":531,"column":3}},{"start":{"line":529,"column":9},"end":{"line":531,"column":3}}],"line":527},"34":{"loc":{"start":{"line":541,"column":2},"end":{"line":543,"column":3}},"type":"if","locations":[{"start":{"line":541,"column":2},"end":{"line":543,"column":3}},{"start":{},"end":{}}],"line":541},"35":{"loc":{"start":{"line":557,"column":2},"end":{"line":562,"column":3}},"type":"if","locations":[{"start":{"line":557,"column":2},"end":{"line":562,"column":3}},{"start":{"line":560,"column":9},"end":{"line":562,"column":3}}],"line":557},"36":{"loc":{"start":{"line":557,"column":6},"end":{"line":557,"column":73}},"type":"binary-expr","locations":[{"start":{"line":557,"column":6},"end":{"line":557,"column":39}},{"start":{"line":557,"column":43},"end":{"line":557,"column":73}}],"line":557},"37":{"loc":{"start":{"line":595,"column":2},"end":{"line":597,"column":3}},"type":"if","locations":[{"start":{"line":595,"column":2},"end":{"line":597,"column":3}},{"start":{},"end":{}}],"line":595},"38":{"loc":{"start":{"line":599,"column":13},"end":{"line":599,"column":30}},"type":"binary-expr","locations":[{"start":{"line":599,"column":13},"end":{"line":599,"column":23}},{"start":{"line":599,"column":27},"end":{"line":599,"column":30}}],"line":599},"39":{"loc":{"start":{"line":600,"column":22},"end":{"line":600,"column":62}},"type":"binary-expr","locations":[{"start":{"line":600,"column":22},"end":{"line":600,"column":35}},{"start":{"line":600,"column":39},"end":{"line":600,"column":62}}],"line":600}},"s":{"0":1,"1":1,"2":1,"3":1,"4":1,"5":1,"6":2,"7":2,"8":1,"9":1,"10":1,"11":0,"12":1,"13":1,"14":1,"15":1,"16":1,"17":0,"18":1,"19":0,"20":1,"21":1,"22":1,"23":0,"24":1,"25":1,"26":0,"27":1,"28":1,"29":1,"30":1,"31":0,"32":1,"33":1,"34":1,"35":1,"36":1,"37":0,"38":1,"39":1,"40":1,"41":1,"42":1,"43":1,"44":1,"45":1,"46":1,"47":0,"48":1,"49":1,"50":1,"51":1,"52":0,"53":0,"54":1,"55":1,"56":1,"57":0,"58":1,"59":1,"60":1,"61":1,"62":1,"63":0,"64":1,"65":1,"66":1,"67":2,"68":2,"69":2,"70":0,"71":2,"72":1,"73":1,"74":1,"75":1,"76":1,"77":0,"78":1,"79":1,"80":1,"81":1,"82":1,"83":1,"84":0,"85":1,"86":1,"87":1,"88":1,"89":1,"90":1,"91":1,"92":1,"93":1,"94":1,"95":1,"96":1,"97":3,"98":3,"99":3,"100":3,"101":1,"102":2,"103":2,"104":2,"105":2,"106":0,"107":2,"108":1,"109":1,"110":1,"111":1,"112":1,"113":0,"114":1,"115":1,"116":1,"117":1,"118":1,"119":0,"120":1,"121":1,"122":1,"123":1,"124":1,"125":1,"126":0,"127":1,"128":1,"129":1,"130":1,"131":1,"132":1,"133":0,"134":1,"135":1,"136":1,"137":1,"138":1,"139":1,"140":0,"141":1,"142":1,"143":1,"144":1,"145":1,"146":1,"147":1,"148":0,"149":1,"150":1,"151":1,"152":1,"153":1,"154":7,"155":7,"156":7,"157":7,"158":7,"159":6,"160":6,"161":6,"162":5,"163":1,"164":1,"165":1,"166":1,"167":1,"168":1,"169":1,"170":1,"171":1,"172":1,"173":1,"174":1,"175":1,"176":0,"177":0,"178":1,"179":1,"180":0,"181":0,"182":0,"183":0,"184":0,"185":0,"186":1,"187":1,"188":0,"189":0,"190":0,"191":0,"192":0,"193":0,"194":1,"195":1,"196":1,"197":1,"198":1,"199":1,"200":0,"201":1,"202":1,"203":1,"204":1,"205":1,"206":1,"207":1,"208":1,"209":1,"210":1,"211":1,"212":1,"213":0,"214":0,"215":1,"216":1,"217":1,"218":1,"219":1,"220":1,"221":1,"222":1,"223":1,"224":1,"225":1,"226":1,"227":1,"228":1,"229":1,"230":1,"231":1,"232":1,"233":2,"234":0,"235":2,"236":2,"237":1,"238":1},"f":{"0":2,"1":1,"2":1,"3":1,"4":1,"5":1,"6":2,"7":1,"8":1,"9":1,"10":1,"11":3,"12":1,"13":1,"14":1,"15":1,"16":1,"17":7,"18":1,"19":0,"20":0,"21":1,"22":1,"23":1,"24":1,"25":1,"26":1,"27":2,"28":1},"b":{"0":[1,1],"1":[1,0],"2":[0,1],"3":[1,1],"4":[1,0],"5":[1,1],"6":[1,0],"7":[1,0],"8":[1,1],"9":[1,0],"10":[1,0],"11":[0,1],"12":[1,1,1],"13":[1,0],"14":[1,1],"15":[0,1],"16":[0,2],"17":[0,1],"18":[0,1],"19":[1,2],"20":[1,1],"21":[0,1],"22":[0,1],"23":[0,1],"24":[0,1],"25":[6,1],"26":[5,1],"27":[6,6],"28":[1,0],"29":[1,0],"30":[1,1],"31":[0,0],"32":[0,0],"33":[0,1],"34":[1,0],"35":[0,1],"36":[1,1],"37":[0,2],"38":[2,0],"39":[2,0]},"_coverageSchema":"1a1c01bbd47fc00a2c39e90264f33305004495a9","hash":"d463fad3ad1cd02c83e03b9b8bdb85cd33bb7603"}
}
