{"C:\\Users\\akiku\\OneDrive\\Työpöytä\\VisualCode\\studentin\\studentin-server\\db.js": {"path":"C:\\Users\\akiku\\OneDrive\\Työpöytä\\VisualCode\\studentin\\studentin-server\\db.js","statementMap":{"0":{"start":{"line":4,"column":0},"end":{"line":4,"column":16}},"1":{"start":{"line":5,"column":21},"end":{"line":5,"column":58}},"2":{"start":{"line":6,"column":25},"end":{"line":6,"column":162}},"3":{"start":{"line":7,"column":13},"end":{"line":12,"column":2}},"4":{"start":{"line":14,"column":42},"end":{"line":14,"column":66}}},"fnMap":{"0":{"name":"(anonymous_0)","decl":{"start":{"line":14,"column":24},"end":{"line":14,"column":25}},"loc":{"start":{"line":14,"column":42},"end":{"line":14,"column":66}},"line":14}},"branchMap":{"0":{"loc":{"start":{"line":8,"column":20},"end":{"line":10,"column":22}},"type":"cond-expr","locations":[{"start":{"line":9,"column":6},"end":{"line":9,"column":30}},{"start":{"line":10,"column":6},"end":{"line":10,"column":22}}],"line":8},"1":{"loc":{"start":{"line":11,"column":7},"end":{"line":11,"column":59}},"type":"cond-expr","locations":[{"start":{"line":11,"column":22},"end":{"line":11,"column":51}},{"start":{"line":11,"column":54},"end":{"line":11,"column":59}}],"line":11}},"s":{"0":1,"1":1,"2":1,"3":1,"4":88},"f":{"0":88},"b":{"0":[0,1],"1":[0,1]},"_coverageSchema":"1a1c01bbd47fc00a2c39e90264f33305004495a9","hash":"0456e5c5787e9faac1b4650433b9ceb5b29c1f9b"}
,"C:\\Users\\akiku\\OneDrive\\Työpöytä\\VisualCode\\studentin\\studentin-server\\http-error.js": {"path":"C:\\Users\\akiku\\OneDrive\\Työpöytä\\VisualCode\\studentin\\studentin-server\\http-error.js","statementMap":{"0":{"start":{"line":3,"column":4},"end":{"line":3,"column":19}},"1":{"start":{"line":4,"column":4},"end":{"line":4,"column":26}}},"fnMap":{"0":{"name":"(anonymous_0)","decl":{"start":{"line":2,"column":2},"end":{"line":2,"column":3}},"loc":{"start":{"line":2,"column":34},"end":{"line":5,"column":3}},"line":2}},"branchMap":{},"s":{"0":4,"1":4},"f":{"0":4},"b":{},"_coverageSchema":"1a1c01bbd47fc00a2c39e90264f33305004495a9","hash":"e09c468c8954a4dc13a026c506ae9d7bf632a210"}
,"C:\\Users\\akiku\\OneDrive\\Työpöytä\\VisualCode\\studentin\\studentin-server\\server.js": {"path":"C:\\Users\\akiku\\OneDrive\\Työpöytä\\VisualCode\\studentin\\studentin-server\\server.js","statementMap":{"0":{"start":{"line":9,"column":0},"end":{"line":9,"column":16}},"1":{"start":{"line":10,"column":12},"end":{"line":10,"column":21}},"2":{"start":{"line":11,"column":0},"end":{"line":11,"column":23}},"3":{"start":{"line":12,"column":0},"end":{"line":12,"column":24}},"4":{"start":{"line":13,"column":0},"end":{"line":13,"column":16}},"5":{"start":{"line":16,"column":16},"end":{"line":66,"column":1}},"6":{"start":{"line":17,"column":20},"end":{"line":20,"column":3}},"7":{"start":{"line":22,"column":2},"end":{"line":24,"column":3}},"8":{"start":{"line":23,"column":4},"end":{"line":23,"column":62}},"9":{"start":{"line":26,"column":2},"end":{"line":30,"column":3}},"10":{"start":{"line":27,"column":4},"end":{"line":27,"column":62}},"11":{"start":{"line":29,"column":4},"end":{"line":29,"column":73}},"12":{"start":{"line":32,"column":17},"end":{"line":35,"column":3}},"13":{"start":{"line":37,"column":2},"end":{"line":65,"column":3}},"14":{"start":{"line":38,"column":18},"end":{"line":41,"column":5}},"15":{"start":{"line":45,"column":4},"end":{"line":56,"column":5}},"16":{"start":{"line":46,"column":6},"end":{"line":53,"column":8}},"17":{"start":{"line":55,"column":6},"end":{"line":55,"column":73}},"18":{"start":{"line":58,"column":4},"end":{"line":62,"column":7}},"19":{"start":{"line":64,"column":4},"end":{"line":64,"column":47}},"20":{"start":{"line":67,"column":0},"end":{"line":67,"column":33}},"21":{"start":{"line":68,"column":22},"end":{"line":127,"column":1}},"22":{"start":{"line":69,"column":14},"end":{"line":69,"column":46}},"23":{"start":{"line":70,"column":2},"end":{"line":72,"column":3}},"24":{"start":{"line":71,"column":4},"end":{"line":71,"column":61}},"25":{"start":{"line":73,"column":20},"end":{"line":76,"column":3}},"26":{"start":{"line":78,"column":2},"end":{"line":85,"column":3}},"27":{"start":{"line":79,"column":4},"end":{"line":84,"column":6}},"28":{"start":{"line":87,"column":17},"end":{"line":97,"column":3}},"29":{"start":{"line":99,"column":2},"end":{"line":126,"column":3}},"30":{"start":{"line":100,"column":18},"end":{"line":103,"column":5}},"31":{"start":{"line":106,"column":4},"end":{"line":117,"column":5}},"32":{"start":{"line":107,"column":6},"end":{"line":114,"column":8}},"33":{"start":{"line":116,"column":6},"end":{"line":116,"column":73}},"34":{"start":{"line":119,"column":4},"end":{"line":123,"column":7}},"35":{"start":{"line":125,"column":4},"end":{"line":125,"column":47}},"36":{"start":{"line":128,"column":0},"end":{"line":128,"column":47}},"37":{"start":{"line":130,"column":19},"end":{"line":162,"column":1}},"38":{"start":{"line":132,"column":2},"end":{"line":146,"column":3}},"39":{"start":{"line":133,"column":4},"end":{"line":136,"column":6}},"40":{"start":{"line":137,"column":9},"end":{"line":146,"column":3}},"41":{"start":{"line":138,"column":4},"end":{"line":141,"column":6}},"42":{"start":{"line":143,"column":4},"end":{"line":145,"column":7}},"43":{"start":{"line":148,"column":2},"end":{"line":161,"column":3}},"44":{"start":{"line":149,"column":4},"end":{"line":149,"column":26}},"45":{"start":{"line":150,"column":18},"end":{"line":153,"column":5}},"46":{"start":{"line":154,"column":4},"end":{"line":156,"column":7}},"47":{"start":{"line":158,"column":4},"end":{"line":160,"column":7}},"48":{"start":{"line":163,"column":0},"end":{"line":163,"column":39}},"49":{"start":{"line":166,"column":23},"end":{"line":180,"column":1}},"50":{"start":{"line":167,"column":19},"end":{"line":170,"column":3}},"51":{"start":{"line":171,"column":2},"end":{"line":179,"column":3}},"52":{"start":{"line":172,"column":4},"end":{"line":174,"column":7}},"53":{"start":{"line":176,"column":4},"end":{"line":178,"column":7}},"54":{"start":{"line":181,"column":0},"end":{"line":181,"column":46}},"55":{"start":{"line":183,"column":20},"end":{"line":214,"column":1}},"56":{"start":{"line":184,"column":26},"end":{"line":187,"column":3}},"57":{"start":{"line":188,"column":2},"end":{"line":213,"column":3}},"58":{"start":{"line":189,"column":4},"end":{"line":189,"column":53}},"59":{"start":{"line":191,"column":21},"end":{"line":194,"column":5}},"60":{"start":{"line":195,"column":4},"end":{"line":212,"column":5}},"61":{"start":{"line":196,"column":26},"end":{"line":199,"column":7}},"62":{"start":{"line":201,"column":6},"end":{"line":207,"column":7}},"63":{"start":{"line":202,"column":8},"end":{"line":202,"column":44}},"64":{"start":{"line":203,"column":27},"end":{"line":203,"column":49}},"65":{"start":{"line":204,"column":8},"end":{"line":206,"column":11}},"66":{"start":{"line":209,"column":6},"end":{"line":211,"column":9}},"67":{"start":{"line":215,"column":0},"end":{"line":215,"column":38}},"68":{"start":{"line":217,"column":18},"end":{"line":246,"column":1}},"69":{"start":{"line":218,"column":21},"end":{"line":221,"column":3}},"70":{"start":{"line":222,"column":2},"end":{"line":245,"column":3}},"71":{"start":{"line":227,"column":4},"end":{"line":227,"column":28}},"72":{"start":{"line":228,"column":4},"end":{"line":230,"column":7}},"73":{"start":{"line":232,"column":21},"end":{"line":235,"column":5}},"74":{"start":{"line":236,"column":4},"end":{"line":244,"column":5}},"75":{"start":{"line":237,"column":6},"end":{"line":239,"column":9}},"76":{"start":{"line":241,"column":6},"end":{"line":243,"column":9}},"77":{"start":{"line":247,"column":0},"end":{"line":247,"column":37}},"78":{"start":{"line":251,"column":20},"end":{"line":262,"column":1}},"79":{"start":{"line":252,"column":14},"end":{"line":252,"column":37}},"80":{"start":{"line":253,"column":16},"end":{"line":256,"column":3}},"81":{"start":{"line":257,"column":2},"end":{"line":261,"column":3}},"82":{"start":{"line":258,"column":4},"end":{"line":258,"column":58}},"83":{"start":{"line":260,"column":4},"end":{"line":260,"column":48}},"84":{"start":{"line":263,"column":0},"end":{"line":263,"column":39}},"85":{"start":{"line":265,"column":28},"end":{"line":276,"column":1}},"86":{"start":{"line":266,"column":15},"end":{"line":266,"column":30}},"87":{"start":{"line":268,"column":16},"end":{"line":270,"column":3}},"88":{"start":{"line":271,"column":2},"end":{"line":275,"column":3}},"89":{"start":{"line":272,"column":4},"end":{"line":272,"column":54}},"90":{"start":{"line":274,"column":4},"end":{"line":274,"column":48}},"91":{"start":{"line":277,"column":0},"end":{"line":277,"column":48}},"92":{"start":{"line":278,"column":26},"end":{"line":289,"column":1}},"93":{"start":{"line":279,"column":15},"end":{"line":279,"column":33}},"94":{"start":{"line":281,"column":19},"end":{"line":283,"column":3}},"95":{"start":{"line":284,"column":2},"end":{"line":288,"column":3}},"96":{"start":{"line":285,"column":4},"end":{"line":285,"column":57}},"97":{"start":{"line":287,"column":4},"end":{"line":287,"column":54}},"98":{"start":{"line":290,"column":0},"end":{"line":290,"column":58}},"99":{"start":{"line":291,"column":29},"end":{"line":306,"column":1}},"100":{"start":{"line":292,"column":16},"end":{"line":292,"column":32}},"101":{"start":{"line":294,"column":17},"end":{"line":300,"column":3}},"102":{"start":{"line":301,"column":2},"end":{"line":305,"column":3}},"103":{"start":{"line":302,"column":4},"end":{"line":302,"column":50}},"104":{"start":{"line":304,"column":4},"end":{"line":304,"column":38}},"105":{"start":{"line":307,"column":0},"end":{"line":307,"column":57}},"106":{"start":{"line":308,"column":17},"end":{"line":313,"column":1}},"107":{"start":{"line":309,"column":16},"end":{"line":311,"column":3}},"108":{"start":{"line":312,"column":2},"end":{"line":312,"column":46}},"109":{"start":{"line":314,"column":0},"end":{"line":314,"column":33}},"110":{"start":{"line":315,"column":26},"end":{"line":326,"column":1}},"111":{"start":{"line":316,"column":14},"end":{"line":316,"column":38}},"112":{"start":{"line":317,"column":18},"end":{"line":324,"column":3}},"113":{"start":{"line":325,"column":2},"end":{"line":325,"column":50}},"114":{"start":{"line":327,"column":0},"end":{"line":327,"column":48}},"115":{"start":{"line":328,"column":18},"end":{"line":376,"column":1}},"116":{"start":{"line":329,"column":19},"end":{"line":329,"column":36}},"117":{"start":{"line":330,"column":19},"end":{"line":330,"column":36}},"118":{"start":{"line":332,"column":16},"end":{"line":335,"column":3}},"119":{"start":{"line":336,"column":2},"end":{"line":375,"column":3}},"120":{"start":{"line":337,"column":4},"end":{"line":337,"column":54}},"121":{"start":{"line":339,"column":18},"end":{"line":339,"column":40}},"122":{"start":{"line":340,"column":26},"end":{"line":340,"column":31}},"123":{"start":{"line":341,"column":4},"end":{"line":345,"column":5}},"124":{"start":{"line":342,"column":6},"end":{"line":342,"column":62}},"125":{"start":{"line":344,"column":6},"end":{"line":344,"column":76}},"126":{"start":{"line":346,"column":4},"end":{"line":374,"column":5}},"127":{"start":{"line":347,"column":6},"end":{"line":347,"column":56}},"128":{"start":{"line":348,"column":6},"end":{"line":348,"column":76}},"129":{"start":{"line":350,"column":20},"end":{"line":353,"column":7}},"130":{"start":{"line":355,"column":6},"end":{"line":366,"column":7}},"131":{"start":{"line":356,"column":8},"end":{"line":363,"column":10}},"132":{"start":{"line":365,"column":8},"end":{"line":365,"column":77}},"133":{"start":{"line":368,"column":6},"end":{"line":372,"column":9}},"134":{"start":{"line":377,"column":0},"end":{"line":377,"column":35}},"135":{"start":{"line":378,"column":24},"end":{"line":416,"column":1}},"136":{"start":{"line":380,"column":19},"end":{"line":380,"column":36}},"137":{"start":{"line":382,"column":16},"end":{"line":385,"column":3}},"138":{"start":{"line":386,"column":2},"end":{"line":415,"column":3}},"139":{"start":{"line":387,"column":18},"end":{"line":390,"column":5}},"140":{"start":{"line":392,"column":4},"end":{"line":403,"column":5}},"141":{"start":{"line":393,"column":6},"end":{"line":400,"column":8}},"142":{"start":{"line":402,"column":6},"end":{"line":402,"column":75}},"143":{"start":{"line":405,"column":4},"end":{"line":409,"column":7}},"144":{"start":{"line":412,"column":4},"end":{"line":414,"column":7}},"145":{"start":{"line":417,"column":0},"end":{"line":417,"column":48}},"146":{"start":{"line":419,"column":23},"end":{"line":430,"column":1}},"147":{"start":{"line":420,"column":22},"end":{"line":420,"column":73}},"148":{"start":{"line":422,"column":2},"end":{"line":426,"column":3}},"149":{"start":{"line":423,"column":4},"end":{"line":425,"column":7}},"150":{"start":{"line":427,"column":2},"end":{"line":429,"column":5}},"151":{"start":{"line":431,"column":0},"end":{"line":431,"column":42}},"152":{"start":{"line":433,"column":22},"end":{"line":450,"column":1}},"153":{"start":{"line":434,"column":14},"end":{"line":434,"column":38}},"154":{"start":{"line":435,"column":21},"end":{"line":441,"column":3}},"155":{"start":{"line":443,"column":2},"end":{"line":449,"column":3}},"156":{"start":{"line":444,"column":4},"end":{"line":446,"column":7}},"157":{"start":{"line":448,"column":4},"end":{"line":448,"column":56}},"158":{"start":{"line":451,"column":0},"end":{"line":451,"column":47}},"159":{"start":{"line":454,"column":22},"end":{"line":473,"column":1}},"160":{"start":{"line":455,"column":14},"end":{"line":455,"column":38}},"161":{"start":{"line":456,"column":19},"end":{"line":462,"column":3}},"162":{"start":{"line":464,"column":2},"end":{"line":472,"column":3}},"163":{"start":{"line":465,"column":4},"end":{"line":467,"column":7}},"164":{"start":{"line":469,"column":4},"end":{"line":471,"column":7}},"165":{"start":{"line":474,"column":0},"end":{"line":474,"column":48}},"166":{"start":{"line":476,"column":29},"end":{"line":492,"column":1}},"167":{"start":{"line":477,"column":20},"end":{"line":477,"column":40}},"168":{"start":{"line":478,"column":19},"end":{"line":481,"column":3}},"169":{"start":{"line":483,"column":2},"end":{"line":491,"column":3}},"170":{"start":{"line":484,"column":4},"end":{"line":486,"column":7}},"171":{"start":{"line":488,"column":4},"end":{"line":490,"column":7}},"172":{"start":{"line":493,"column":0},"end":{"line":493,"column":56}},"173":{"start":{"line":495,"column":19},"end":{"line":516,"column":1}},"174":{"start":{"line":496,"column":14},"end":{"line":496,"column":35}},"175":{"start":{"line":497,"column":23},"end":{"line":497,"column":25}},"176":{"start":{"line":498,"column":2},"end":{"line":502,"column":3}},"177":{"start":{"line":499,"column":4},"end":{"line":499,"column":62}},"178":{"start":{"line":501,"column":4},"end":{"line":501,"column":73}},"179":{"start":{"line":504,"column":16},"end":{"line":510,"column":3}},"180":{"start":{"line":511,"column":21},"end":{"line":514,"column":3}},"181":{"start":{"line":515,"column":2},"end":{"line":515,"column":51}},"182":{"start":{"line":517,"column":0},"end":{"line":517,"column":37}},"183":{"start":{"line":519,"column":24},"end":{"line":552,"column":1}},"184":{"start":{"line":520,"column":14},"end":{"line":520,"column":35}},"185":{"start":{"line":521,"column":15},"end":{"line":521,"column":28}},"186":{"start":{"line":522,"column":14},"end":{"line":522,"column":27}},"187":{"start":{"line":524,"column":18},"end":{"line":524,"column":62}},"188":{"start":{"line":525,"column":2},"end":{"line":551,"column":3}},"189":{"start":{"line":527,"column":18},"end":{"line":533,"column":5}},"190":{"start":{"line":535,"column":18},"end":{"line":541,"column":5}},"191":{"start":{"line":542,"column":4},"end":{"line":548,"column":5}},"192":{"start":{"line":543,"column":6},"end":{"line":545,"column":9}},"193":{"start":{"line":547,"column":6},"end":{"line":547,"column":58}},"194":{"start":{"line":550,"column":4},"end":{"line":550,"column":67}},"195":{"start":{"line":553,"column":0},"end":{"line":553,"column":52}},"196":{"start":{"line":554,"column":27},"end":{"line":587,"column":1}},"197":{"start":{"line":555,"column":14},"end":{"line":555,"column":36}},"198":{"start":{"line":556,"column":15},"end":{"line":556,"column":28}},"199":{"start":{"line":557,"column":14},"end":{"line":557,"column":27}},"200":{"start":{"line":559,"column":18},"end":{"line":559,"column":29}},"201":{"start":{"line":560,"column":2},"end":{"line":586,"column":3}},"202":{"start":{"line":562,"column":18},"end":{"line":568,"column":5}},"203":{"start":{"line":570,"column":18},"end":{"line":576,"column":5}},"204":{"start":{"line":577,"column":4},"end":{"line":583,"column":5}},"205":{"start":{"line":578,"column":6},"end":{"line":580,"column":9}},"206":{"start":{"line":582,"column":6},"end":{"line":582,"column":58}},"207":{"start":{"line":585,"column":4},"end":{"line":585,"column":67}},"208":{"start":{"line":588,"column":0},"end":{"line":588,"column":54}},"209":{"start":{"line":590,"column":30},"end":{"line":606,"column":1}},"210":{"start":{"line":591,"column":14},"end":{"line":591,"column":35}},"211":{"start":{"line":592,"column":22},"end":{"line":595,"column":3}},"212":{"start":{"line":597,"column":27},"end":{"line":600,"column":3}},"213":{"start":{"line":601,"column":2},"end":{"line":605,"column":3}},"214":{"start":{"line":602,"column":4},"end":{"line":602,"column":72}},"215":{"start":{"line":604,"column":4},"end":{"line":604,"column":74}},"216":{"start":{"line":607,"column":0},"end":{"line":607,"column":61}},"217":{"start":{"line":608,"column":26},"end":{"line":623,"column":1}},"218":{"start":{"line":609,"column":14},"end":{"line":609,"column":35}},"219":{"start":{"line":610,"column":18},"end":{"line":612,"column":4}},"220":{"start":{"line":614,"column":23},"end":{"line":617,"column":3}},"221":{"start":{"line":618,"column":2},"end":{"line":622,"column":3}},"222":{"start":{"line":619,"column":4},"end":{"line":619,"column":56}},"223":{"start":{"line":621,"column":4},"end":{"line":621,"column":58}},"224":{"start":{"line":624,"column":0},"end":{"line":624,"column":53}},"225":{"start":{"line":625,"column":23},"end":{"line":638,"column":1}},"226":{"start":{"line":626,"column":14},"end":{"line":626,"column":35}},"227":{"start":{"line":628,"column":16},"end":{"line":628,"column":74}},"228":{"start":{"line":629,"column":21},"end":{"line":632,"column":3}},"229":{"start":{"line":633,"column":2},"end":{"line":637,"column":3}},"230":{"start":{"line":634,"column":4},"end":{"line":634,"column":59}},"231":{"start":{"line":636,"column":4},"end":{"line":636,"column":62}},"232":{"start":{"line":639,"column":0},"end":{"line":639,"column":42}},"233":{"start":{"line":640,"column":28},"end":{"line":652,"column":1}},"234":{"start":{"line":641,"column":19},"end":{"line":646,"column":3}},"235":{"start":{"line":647,"column":2},"end":{"line":651,"column":3}},"236":{"start":{"line":648,"column":4},"end":{"line":648,"column":43}},"237":{"start":{"line":650,"column":4},"end":{"line":650,"column":47}},"238":{"start":{"line":653,"column":0},"end":{"line":653,"column":56}},"239":{"start":{"line":655,"column":26},"end":{"line":671,"column":1}},"240":{"start":{"line":656,"column":14},"end":{"line":656,"column":36}},"241":{"start":{"line":658,"column":26},"end":{"line":661,"column":3}},"242":{"start":{"line":662,"column":23},"end":{"line":664,"column":4}},"243":{"start":{"line":665,"column":2},"end":{"line":670,"column":3}},"244":{"start":{"line":666,"column":4},"end":{"line":666,"column":33}},"245":{"start":{"line":667,"column":4},"end":{"line":667,"column":62}},"246":{"start":{"line":669,"column":4},"end":{"line":669,"column":65}},"247":{"start":{"line":672,"column":0},"end":{"line":672,"column":47}},"248":{"start":{"line":674,"column":21},"end":{"line":683,"column":1}},"249":{"start":{"line":675,"column":14},"end":{"line":675,"column":44}},"250":{"start":{"line":676,"column":14},"end":{"line":676,"column":45}},"251":{"start":{"line":677,"column":18},"end":{"line":680,"column":3}},"252":{"start":{"line":682,"column":2},"end":{"line":682,"column":62}},"253":{"start":{"line":684,"column":0},"end":{"line":684,"column":42}},"254":{"start":{"line":686,"column":25},"end":{"line":694,"column":1}},"255":{"start":{"line":687,"column":14},"end":{"line":687,"column":36}},"256":{"start":{"line":688,"column":14},"end":{"line":688,"column":36}},"257":{"start":{"line":689,"column":22},"end":{"line":692,"column":3}},"258":{"start":{"line":693,"column":2},"end":{"line":693,"column":68}},"259":{"start":{"line":695,"column":0},"end":{"line":695,"column":49}},"260":{"start":{"line":698,"column":0},"end":{"line":700,"column":3}},"261":{"start":{"line":699,"column":2},"end":{"line":699,"column":57}},"262":{"start":{"line":701,"column":0},"end":{"line":708,"column":3}},"263":{"start":{"line":702,"column":2},"end":{"line":704,"column":3}},"264":{"start":{"line":703,"column":4},"end":{"line":703,"column":23}},"265":{"start":{"line":706,"column":2},"end":{"line":706,"column":32}},"266":{"start":{"line":707,"column":2},"end":{"line":707,"column":66}},"267":{"start":{"line":710,"column":0},"end":{"line":712,"column":2}},"268":{"start":{"line":711,"column":2},"end":{"line":711,"column":59}}},"fnMap":{"0":{"name":"(anonymous_0)","decl":{"start":{"line":16,"column":16},"end":{"line":16,"column":17}},"loc":{"start":{"line":16,"column":42},"end":{"line":66,"column":1}},"line":16},"1":{"name":"(anonymous_1)","decl":{"start":{"line":68,"column":22},"end":{"line":68,"column":23}},"loc":{"start":{"line":68,"column":48},"end":{"line":127,"column":1}},"line":68},"2":{"name":"(anonymous_2)","decl":{"start":{"line":130,"column":19},"end":{"line":130,"column":20}},"loc":{"start":{"line":130,"column":45},"end":{"line":162,"column":1}},"line":130},"3":{"name":"(anonymous_3)","decl":{"start":{"line":166,"column":23},"end":{"line":166,"column":24}},"loc":{"start":{"line":166,"column":49},"end":{"line":180,"column":1}},"line":166},"4":{"name":"(anonymous_4)","decl":{"start":{"line":183,"column":20},"end":{"line":183,"column":21}},"loc":{"start":{"line":183,"column":46},"end":{"line":214,"column":1}},"line":183},"5":{"name":"(anonymous_5)","decl":{"start":{"line":217,"column":18},"end":{"line":217,"column":19}},"loc":{"start":{"line":217,"column":44},"end":{"line":246,"column":1}},"line":217},"6":{"name":"(anonymous_6)","decl":{"start":{"line":251,"column":20},"end":{"line":251,"column":21}},"loc":{"start":{"line":251,"column":46},"end":{"line":262,"column":1}},"line":251},"7":{"name":"(anonymous_7)","decl":{"start":{"line":265,"column":28},"end":{"line":265,"column":29}},"loc":{"start":{"line":265,"column":54},"end":{"line":276,"column":1}},"line":265},"8":{"name":"(anonymous_8)","decl":{"start":{"line":278,"column":26},"end":{"line":278,"column":27}},"loc":{"start":{"line":278,"column":52},"end":{"line":289,"column":1}},"line":278},"9":{"name":"(anonymous_9)","decl":{"start":{"line":291,"column":29},"end":{"line":291,"column":30}},"loc":{"start":{"line":291,"column":55},"end":{"line":306,"column":1}},"line":291},"10":{"name":"(anonymous_10)","decl":{"start":{"line":308,"column":17},"end":{"line":308,"column":18}},"loc":{"start":{"line":308,"column":43},"end":{"line":313,"column":1}},"line":308},"11":{"name":"(anonymous_11)","decl":{"start":{"line":315,"column":26},"end":{"line":315,"column":27}},"loc":{"start":{"line":315,"column":52},"end":{"line":326,"column":1}},"line":315},"12":{"name":"(anonymous_12)","decl":{"start":{"line":328,"column":18},"end":{"line":328,"column":19}},"loc":{"start":{"line":328,"column":44},"end":{"line":376,"column":1}},"line":328},"13":{"name":"(anonymous_13)","decl":{"start":{"line":378,"column":24},"end":{"line":378,"column":25}},"loc":{"start":{"line":378,"column":50},"end":{"line":416,"column":1}},"line":378},"14":{"name":"(anonymous_14)","decl":{"start":{"line":419,"column":23},"end":{"line":419,"column":24}},"loc":{"start":{"line":419,"column":49},"end":{"line":430,"column":1}},"line":419},"15":{"name":"(anonymous_15)","decl":{"start":{"line":433,"column":22},"end":{"line":433,"column":23}},"loc":{"start":{"line":433,"column":48},"end":{"line":450,"column":1}},"line":433},"16":{"name":"(anonymous_16)","decl":{"start":{"line":454,"column":22},"end":{"line":454,"column":23}},"loc":{"start":{"line":454,"column":48},"end":{"line":473,"column":1}},"line":454},"17":{"name":"(anonymous_17)","decl":{"start":{"line":476,"column":29},"end":{"line":476,"column":30}},"loc":{"start":{"line":476,"column":55},"end":{"line":492,"column":1}},"line":476},"18":{"name":"(anonymous_18)","decl":{"start":{"line":495,"column":19},"end":{"line":495,"column":20}},"loc":{"start":{"line":495,"column":45},"end":{"line":516,"column":1}},"line":495},"19":{"name":"(anonymous_19)","decl":{"start":{"line":519,"column":24},"end":{"line":519,"column":25}},"loc":{"start":{"line":519,"column":50},"end":{"line":552,"column":1}},"line":519},"20":{"name":"(anonymous_20)","decl":{"start":{"line":554,"column":27},"end":{"line":554,"column":28}},"loc":{"start":{"line":554,"column":53},"end":{"line":587,"column":1}},"line":554},"21":{"name":"(anonymous_21)","decl":{"start":{"line":590,"column":30},"end":{"line":590,"column":31}},"loc":{"start":{"line":590,"column":56},"end":{"line":606,"column":1}},"line":590},"22":{"name":"(anonymous_22)","decl":{"start":{"line":608,"column":26},"end":{"line":608,"column":27}},"loc":{"start":{"line":608,"column":52},"end":{"line":623,"column":1}},"line":608},"23":{"name":"(anonymous_23)","decl":{"start":{"line":625,"column":23},"end":{"line":625,"column":24}},"loc":{"start":{"line":625,"column":49},"end":{"line":638,"column":1}},"line":625},"24":{"name":"(anonymous_24)","decl":{"start":{"line":640,"column":28},"end":{"line":640,"column":29}},"loc":{"start":{"line":640,"column":54},"end":{"line":652,"column":1}},"line":640},"25":{"name":"(anonymous_25)","decl":{"start":{"line":655,"column":26},"end":{"line":655,"column":27}},"loc":{"start":{"line":655,"column":52},"end":{"line":671,"column":1}},"line":655},"26":{"name":"(anonymous_26)","decl":{"start":{"line":674,"column":21},"end":{"line":674,"column":22}},"loc":{"start":{"line":674,"column":47},"end":{"line":683,"column":1}},"line":674},"27":{"name":"(anonymous_27)","decl":{"start":{"line":686,"column":25},"end":{"line":686,"column":26}},"loc":{"start":{"line":686,"column":51},"end":{"line":694,"column":1}},"line":686},"28":{"name":"(anonymous_28)","decl":{"start":{"line":698,"column":8},"end":{"line":698,"column":9}},"loc":{"start":{"line":698,"column":28},"end":{"line":700,"column":1}},"line":698},"29":{"name":"(anonymous_29)","decl":{"start":{"line":701,"column":8},"end":{"line":701,"column":9}},"loc":{"start":{"line":701,"column":35},"end":{"line":708,"column":1}},"line":701},"30":{"name":"(anonymous_30)","decl":{"start":{"line":710,"column":29},"end":{"line":710,"column":30}},"loc":{"start":{"line":711,"column":2},"end":{"line":711,"column":59}},"line":711}},"branchMap":{"0":{"loc":{"start":{"line":22,"column":2},"end":{"line":24,"column":3}},"type":"if","locations":[{"start":{"line":22,"column":2},"end":{"line":24,"column":3}},{"start":{},"end":{}}],"line":22},"1":{"loc":{"start":{"line":37,"column":2},"end":{"line":65,"column":3}},"type":"if","locations":[{"start":{"line":37,"column":2},"end":{"line":65,"column":3}},{"start":{"line":63,"column":9},"end":{"line":65,"column":3}}],"line":37},"2":{"loc":{"start":{"line":69,"column":14},"end":{"line":69,"column":46}},"type":"binary-expr","locations":[{"start":{"line":69,"column":14},"end":{"line":69,"column":41}},{"start":{"line":69,"column":45},"end":{"line":69,"column":46}}],"line":69},"3":{"loc":{"start":{"line":70,"column":2},"end":{"line":72,"column":3}},"type":"if","locations":[{"start":{"line":70,"column":2},"end":{"line":72,"column":3}},{"start":{},"end":{}}],"line":70},"4":{"loc":{"start":{"line":70,"column":6},"end":{"line":70,"column":42}},"type":"binary-expr","locations":[{"start":{"line":70,"column":6},"end":{"line":70,"column":30}},{"start":{"line":70,"column":34},"end":{"line":70,"column":42}}],"line":70},"5":{"loc":{"start":{"line":78,"column":2},"end":{"line":85,"column":3}},"type":"if","locations":[{"start":{"line":78,"column":2},"end":{"line":85,"column":3}},{"start":{},"end":{}}],"line":78},"6":{"loc":{"start":{"line":99,"column":2},"end":{"line":126,"column":3}},"type":"if","locations":[{"start":{"line":99,"column":2},"end":{"line":126,"column":3}},{"start":{"line":124,"column":9},"end":{"line":126,"column":3}}],"line":99},"7":{"loc":{"start":{"line":132,"column":2},"end":{"line":146,"column":3}},"type":"if","locations":[{"start":{"line":132,"column":2},"end":{"line":146,"column":3}},{"start":{"line":137,"column":9},"end":{"line":146,"column":3}}],"line":132},"8":{"loc":{"start":{"line":132,"column":6},"end":{"line":132,"column":63}},"type":"binary-expr","locations":[{"start":{"line":132,"column":6},"end":{"line":132,"column":26}},{"start":{"line":132,"column":30},"end":{"line":132,"column":63}}],"line":132},"9":{"loc":{"start":{"line":137,"column":9},"end":{"line":146,"column":3}},"type":"if","locations":[{"start":{"line":137,"column":9},"end":{"line":146,"column":3}},{"start":{"line":142,"column":9},"end":{"line":146,"column":3}}],"line":137},"10":{"loc":{"start":{"line":137,"column":13},"end":{"line":137,"column":68}},"type":"binary-expr","locations":[{"start":{"line":137,"column":13},"end":{"line":137,"column":33}},{"start":{"line":137,"column":37},"end":{"line":137,"column":68}}],"line":137},"11":{"loc":{"start":{"line":148,"column":2},"end":{"line":161,"column":3}},"type":"if","locations":[{"start":{"line":148,"column":2},"end":{"line":161,"column":3}},{"start":{"line":157,"column":9},"end":{"line":161,"column":3}}],"line":148},"12":{"loc":{"start":{"line":171,"column":2},"end":{"line":179,"column":3}},"type":"if","locations":[{"start":{"line":171,"column":2},"end":{"line":179,"column":3}},{"start":{"line":175,"column":9},"end":{"line":179,"column":3}}],"line":171},"13":{"loc":{"start":{"line":171,"column":6},"end":{"line":171,"column":41}},"type":"binary-expr","locations":[{"start":{"line":171,"column":6},"end":{"line":171,"column":14}},{"start":{"line":171,"column":18},"end":{"line":171,"column":41}}],"line":171},"14":{"loc":{"start":{"line":188,"column":2},"end":{"line":213,"column":3}},"type":"if","locations":[{"start":{"line":188,"column":2},"end":{"line":213,"column":3}},{"start":{"line":190,"column":9},"end":{"line":213,"column":3}}],"line":188},"15":{"loc":{"start":{"line":195,"column":4},"end":{"line":212,"column":5}},"type":"if","locations":[{"start":{"line":195,"column":4},"end":{"line":212,"column":5}},{"start":{"line":208,"column":11},"end":{"line":212,"column":5}}],"line":195},"16":{"loc":{"start":{"line":201,"column":6},"end":{"line":207,"column":7}},"type":"if","locations":[{"start":{"line":201,"column":6},"end":{"line":207,"column":7}},{"start":{},"end":{}}],"line":201},"17":{"loc":{"start":{"line":222,"column":2},"end":{"line":245,"column":3}},"type":"if","locations":[{"start":{"line":222,"column":2},"end":{"line":245,"column":3}},{"start":{"line":231,"column":9},"end":{"line":245,"column":3}}],"line":222},"18":{"loc":{"start":{"line":223,"column":4},"end":{"line":225,"column":32}},"type":"binary-expr","locations":[{"start":{"line":223,"column":4},"end":{"line":223,"column":28}},{"start":{"line":224,"column":4},"end":{"line":224,"column":27}},{"start":{"line":225,"column":4},"end":{"line":225,"column":32}}],"line":223},"19":{"loc":{"start":{"line":236,"column":4},"end":{"line":244,"column":5}},"type":"if","locations":[{"start":{"line":236,"column":4},"end":{"line":244,"column":5}},{"start":{"line":240,"column":11},"end":{"line":244,"column":5}}],"line":236},"20":{"loc":{"start":{"line":236,"column":8},"end":{"line":236,"column":55}},"type":"binary-expr","locations":[{"start":{"line":236,"column":8},"end":{"line":236,"column":30}},{"start":{"line":236,"column":34},"end":{"line":236,"column":55}}],"line":236},"21":{"loc":{"start":{"line":257,"column":2},"end":{"line":261,"column":3}},"type":"if","locations":[{"start":{"line":257,"column":2},"end":{"line":261,"column":3}},{"start":{"line":259,"column":9},"end":{"line":261,"column":3}}],"line":257},"22":{"loc":{"start":{"line":271,"column":2},"end":{"line":275,"column":3}},"type":"if","locations":[{"start":{"line":271,"column":2},"end":{"line":275,"column":3}},{"start":{"line":273,"column":9},"end":{"line":275,"column":3}}],"line":271},"23":{"loc":{"start":{"line":284,"column":2},"end":{"line":288,"column":3}},"type":"if","locations":[{"start":{"line":284,"column":2},"end":{"line":288,"column":3}},{"start":{"line":286,"column":9},"end":{"line":288,"column":3}}],"line":284},"24":{"loc":{"start":{"line":301,"column":2},"end":{"line":305,"column":3}},"type":"if","locations":[{"start":{"line":301,"column":2},"end":{"line":305,"column":3}},{"start":{"line":303,"column":9},"end":{"line":305,"column":3}}],"line":301},"25":{"loc":{"start":{"line":336,"column":2},"end":{"line":375,"column":3}},"type":"if","locations":[{"start":{"line":336,"column":2},"end":{"line":375,"column":3}},{"start":{"line":338,"column":9},"end":{"line":375,"column":3}}],"line":336},"26":{"loc":{"start":{"line":346,"column":4},"end":{"line":374,"column":5}},"type":"if","locations":[{"start":{"line":346,"column":4},"end":{"line":374,"column":5}},{"start":{"line":349,"column":11},"end":{"line":374,"column":5}}],"line":346},"27":{"loc":{"start":{"line":386,"column":2},"end":{"line":415,"column":3}},"type":"if","locations":[{"start":{"line":386,"column":2},"end":{"line":415,"column":3}},{"start":{"line":411,"column":9},"end":{"line":415,"column":3}}],"line":386},"28":{"loc":{"start":{"line":422,"column":2},"end":{"line":426,"column":3}},"type":"if","locations":[{"start":{"line":422,"column":2},"end":{"line":426,"column":3}},{"start":{},"end":{}}],"line":422},"29":{"loc":{"start":{"line":443,"column":2},"end":{"line":449,"column":3}},"type":"if","locations":[{"start":{"line":443,"column":2},"end":{"line":449,"column":3}},{"start":{"line":447,"column":9},"end":{"line":449,"column":3}}],"line":443},"30":{"loc":{"start":{"line":464,"column":2},"end":{"line":472,"column":3}},"type":"if","locations":[{"start":{"line":464,"column":2},"end":{"line":472,"column":3}},{"start":{"line":468,"column":9},"end":{"line":472,"column":3}}],"line":464},"31":{"loc":{"start":{"line":483,"column":2},"end":{"line":491,"column":3}},"type":"if","locations":[{"start":{"line":483,"column":2},"end":{"line":491,"column":3}},{"start":{"line":487,"column":9},"end":{"line":491,"column":3}}],"line":483},"32":{"loc":{"start":{"line":525,"column":2},"end":{"line":551,"column":3}},"type":"if","locations":[{"start":{"line":525,"column":2},"end":{"line":551,"column":3}},{"start":{"line":549,"column":9},"end":{"line":551,"column":3}}],"line":525},"33":{"loc":{"start":{"line":542,"column":4},"end":{"line":548,"column":5}},"type":"if","locations":[{"start":{"line":542,"column":4},"end":{"line":548,"column":5}},{"start":{"line":546,"column":11},"end":{"line":548,"column":5}}],"line":542},"34":{"loc":{"start":{"line":542,"column":8},"end":{"line":542,"column":51}},"type":"binary-expr","locations":[{"start":{"line":542,"column":8},"end":{"line":542,"column":29}},{"start":{"line":542,"column":33},"end":{"line":542,"column":51}}],"line":542},"35":{"loc":{"start":{"line":560,"column":2},"end":{"line":586,"column":3}},"type":"if","locations":[{"start":{"line":560,"column":2},"end":{"line":586,"column":3}},{"start":{"line":584,"column":9},"end":{"line":586,"column":3}}],"line":560},"36":{"loc":{"start":{"line":577,"column":4},"end":{"line":583,"column":5}},"type":"if","locations":[{"start":{"line":577,"column":4},"end":{"line":583,"column":5}},{"start":{"line":581,"column":11},"end":{"line":583,"column":5}}],"line":577},"37":{"loc":{"start":{"line":577,"column":8},"end":{"line":577,"column":51}},"type":"binary-expr","locations":[{"start":{"line":577,"column":8},"end":{"line":577,"column":29}},{"start":{"line":577,"column":33},"end":{"line":577,"column":51}}],"line":577},"38":{"loc":{"start":{"line":601,"column":2},"end":{"line":605,"column":3}},"type":"if","locations":[{"start":{"line":601,"column":2},"end":{"line":605,"column":3}},{"start":{"line":603,"column":9},"end":{"line":605,"column":3}}],"line":601},"39":{"loc":{"start":{"line":618,"column":2},"end":{"line":622,"column":3}},"type":"if","locations":[{"start":{"line":618,"column":2},"end":{"line":622,"column":3}},{"start":{"line":620,"column":9},"end":{"line":622,"column":3}}],"line":618},"40":{"loc":{"start":{"line":633,"column":2},"end":{"line":637,"column":3}},"type":"if","locations":[{"start":{"line":633,"column":2},"end":{"line":637,"column":3}},{"start":{"line":635,"column":9},"end":{"line":637,"column":3}}],"line":633},"41":{"loc":{"start":{"line":647,"column":2},"end":{"line":651,"column":3}},"type":"if","locations":[{"start":{"line":647,"column":2},"end":{"line":651,"column":3}},{"start":{"line":649,"column":9},"end":{"line":651,"column":3}}],"line":647},"42":{"loc":{"start":{"line":665,"column":2},"end":{"line":670,"column":3}},"type":"if","locations":[{"start":{"line":665,"column":2},"end":{"line":670,"column":3}},{"start":{"line":668,"column":9},"end":{"line":670,"column":3}}],"line":665},"43":{"loc":{"start":{"line":665,"column":6},"end":{"line":665,"column":73}},"type":"binary-expr","locations":[{"start":{"line":665,"column":6},"end":{"line":665,"column":39}},{"start":{"line":665,"column":43},"end":{"line":665,"column":73}}],"line":665},"44":{"loc":{"start":{"line":702,"column":2},"end":{"line":704,"column":3}},"type":"if","locations":[{"start":{"line":702,"column":2},"end":{"line":704,"column":3}},{"start":{},"end":{}}],"line":702},"45":{"loc":{"start":{"line":706,"column":13},"end":{"line":706,"column":30}},"type":"binary-expr","locations":[{"start":{"line":706,"column":13},"end":{"line":706,"column":23}},{"start":{"line":706,"column":27},"end":{"line":706,"column":30}}],"line":706},"46":{"loc":{"start":{"line":707,"column":22},"end":{"line":707,"column":62}},"type":"binary-expr","locations":[{"start":{"line":707,"column":22},"end":{"line":707,"column":35}},{"start":{"line":707,"column":39},"end":{"line":707,"column":62}}],"line":707}},"s":{"0":1,"1":1,"2":1,"3":1,"4":1,"5":1,"6":2,"7":2,"8":1,"9":1,"10":1,"11":0,"12":1,"13":1,"14":1,"15":1,"16":1,"17":0,"18":1,"19":0,"20":1,"21":1,"22":2,"23":2,"24":0,"25":2,"26":2,"27":1,"28":1,"29":1,"30":1,"31":1,"32":1,"33":0,"34":1,"35":0,"36":1,"37":1,"38":1,"39":0,"40":1,"41":1,"42":0,"43":1,"44":1,"45":1,"46":1,"47":0,"48":1,"49":1,"50":1,"51":1,"52":1,"53":0,"54":1,"55":1,"56":1,"57":1,"58":0,"59":1,"60":1,"61":1,"62":1,"63":1,"64":1,"65":1,"66":0,"67":1,"68":1,"69":1,"70":1,"71":0,"72":0,"73":1,"74":1,"75":1,"76":0,"77":1,"78":1,"79":1,"80":1,"81":1,"82":0,"83":1,"84":1,"85":1,"86":2,"87":2,"88":2,"89":0,"90":2,"91":1,"92":1,"93":1,"94":1,"95":1,"96":0,"97":1,"98":1,"99":1,"100":1,"101":1,"102":1,"103":0,"104":1,"105":1,"106":1,"107":1,"108":1,"109":1,"110":1,"111":1,"112":1,"113":1,"114":1,"115":1,"116":3,"117":3,"118":3,"119":3,"120":1,"121":2,"122":2,"123":2,"124":2,"125":0,"126":2,"127":1,"128":1,"129":1,"130":1,"131":1,"132":0,"133":1,"134":1,"135":1,"136":1,"137":1,"138":1,"139":1,"140":1,"141":1,"142":0,"143":1,"144":0,"145":1,"146":1,"147":1,"148":1,"149":0,"150":1,"151":1,"152":1,"153":2,"154":2,"155":2,"156":1,"157":1,"158":1,"159":1,"160":1,"161":1,"162":1,"163":0,"164":1,"165":1,"166":1,"167":1,"168":1,"169":1,"170":0,"171":1,"172":1,"173":1,"174":1,"175":1,"176":1,"177":1,"178":0,"179":1,"180":1,"181":1,"182":1,"183":1,"184":7,"185":7,"186":7,"187":7,"188":7,"189":6,"190":6,"191":6,"192":5,"193":1,"194":1,"195":1,"196":1,"197":1,"198":1,"199":1,"200":1,"201":1,"202":1,"203":1,"204":1,"205":1,"206":0,"207":0,"208":1,"209":1,"210":0,"211":0,"212":0,"213":0,"214":0,"215":0,"216":1,"217":1,"218":0,"219":0,"220":0,"221":0,"222":0,"223":0,"224":1,"225":1,"226":1,"227":1,"228":1,"229":1,"230":0,"231":1,"232":1,"233":1,"234":1,"235":1,"236":1,"237":0,"238":1,"239":1,"240":1,"241":1,"242":1,"243":1,"244":0,"245":0,"246":1,"247":1,"248":1,"249":1,"250":1,"251":1,"252":1,"253":1,"254":1,"255":1,"256":1,"257":1,"258":1,"259":1,"260":1,"261":1,"262":1,"263":3,"264":0,"265":3,"266":3,"267":1,"268":1},"f":{"0":2,"1":2,"2":1,"3":1,"4":1,"5":1,"6":1,"7":2,"8":1,"9":1,"10":1,"11":1,"12":3,"13":1,"14":1,"15":2,"16":1,"17":1,"18":1,"19":7,"20":1,"21":0,"22":0,"23":1,"24":1,"25":1,"26":1,"27":1,"28":1,"29":3,"30":1},"b":{"0":[1,1],"1":[1,0],"2":[2,0],"3":[0,2],"4":[2,2],"5":[1,1],"6":[1,0],"7":[0,1],"8":[1,1],"9":[1,0],"10":[1,1],"11":[1,0],"12":[1,0],"13":[1,1],"14":[0,1],"15":[1,0],"16":[1,0],"17":[0,1],"18":[1,1,1],"19":[1,0],"20":[1,1],"21":[0,1],"22":[0,2],"23":[0,1],"24":[0,1],"25":[1,2],"26":[1,1],"27":[1,0],"28":[0,1],"29":[1,1],"30":[0,1],"31":[0,1],"32":[6,1],"33":[5,1],"34":[6,6],"35":[1,0],"36":[1,0],"37":[1,1],"38":[0,0],"39":[0,0],"40":[0,1],"41":[1,0],"42":[0,1],"43":[1,1],"44":[0,3],"45":[3,0],"46":[3,0]},"_coverageSchema":"1a1c01bbd47fc00a2c39e90264f33305004495a9","hash":"fc5a17d351f365464e756f18f8ca5449834a5c1d"}
}
