TN:
SF:db.js
FN:14,(anonymous_0)
FNF:1
FNH:1
FNDA:77,(anonymous_0)
DA:4,1
DA:5,1
DA:6,1
DA:7,1
DA:14,77
LF:5
LH:5
BRDA:8,0,0,0
BRDA:8,0,1,1
BRDA:11,1,0,0
BRDA:11,1,1,1
BRF:4
BRH:2
end_of_record
TN:
SF:http-error.js
FN:2,(anonymous_0)
FNF:1
FNH:1
FNDA:3,(anonymous_0)
DA:3,3
DA:4,3
LF:2
LH:2
BRF:0
BRH:0
end_of_record
TN:
SF:server.js
FN:17,(anonymous_0)
FN:71,(anonymous_1)
FN:107,(anonymous_2)
FN:124,(anonymous_3)
FN:150,(anonymous_4)
FN:184,(anonymous_5)
FN:198,(anonymous_6)
FN:211,(anonymous_7)
FN:224,(anonymous_8)
FN:241,(anonymous_9)
FN:248,(anonymous_10)
FN:261,(anonymous_11)
FN:313,(anonymous_12)
FN:327,(anonymous_13)
FN:348,(anonymous_14)
FN:370,(anonymous_15)
FN:389,(anonymous_16)
FN:413,(anonymous_17)
FN:448,(anonymous_18)
FN:484,(anonymous_19)
FN:502,(anonymous_20)
FN:519,(anonymous_21)
FN:534,(anonymous_22)
FN:547,(anonymous_23)
FN:566,(anonymous_24)
FN:578,(anonymous_25)
FN:591,(anonymous_26)
FN:594,(anonymous_27)
FN:603,(anonymous_28)
FNF:29
FNH:27
FNDA:2,(anonymous_0)
FNDA:1,(anonymous_1)
FNDA:1,(anonymous_2)
FNDA:1,(anonymous_3)
FNDA:1,(anonymous_4)
FNDA:1,(anonymous_5)
FNDA:2,(anonymous_6)
FNDA:1,(anonymous_7)
FNDA:1,(anonymous_8)
FNDA:1,(anonymous_9)
FNDA:1,(anonymous_10)
FNDA:3,(anonymous_11)
FNDA:1,(anonymous_12)
FNDA:1,(anonymous_13)
FNDA:1,(anonymous_14)
FNDA:1,(anonymous_15)
FNDA:1,(anonymous_16)
FNDA:7,(anonymous_17)
FNDA:1,(anonymous_18)
FNDA:0,(anonymous_19)
FNDA:0,(anonymous_20)
FNDA:1,(anonymous_21)
FNDA:1,(anonymous_22)
FNDA:1,(anonymous_23)
FNDA:1,(anonymous_24)
FNDA:1,(anonymous_25)
FNDA:1,(anonymous_26)
FNDA:2,(anonymous_27)
FNDA:1,(anonymous_28)
DA:9,1
DA:11,1
DA:12,1
DA:13,1
DA:14,1
DA:17,1
DA:18,2
DA:23,2
DA:24,1
DA:27,1
DA:28,1
DA:30,0
DA:33,1
DA:38,1
DA:39,1
DA:46,1
DA:47,1
DA:56,0
DA:59,1
DA:65,0
DA:68,1
DA:71,1
DA:73,1
DA:74,0
DA:78,1
DA:79,1
DA:84,0
DA:89,1
DA:90,1
DA:91,1
DA:95,1
DA:99,0
DA:104,1
DA:107,1
DA:108,1
DA:112,1
DA:113,1
DA:117,0
DA:122,1
DA:124,1
DA:125,1
DA:129,1
DA:130,1
DA:135,1
DA:136,1
DA:137,1
DA:138,1
DA:143,0
DA:148,1
DA:150,1
DA:151,1
DA:155,1
DA:160,0
DA:161,0
DA:165,1
DA:169,1
DA:170,1
DA:174,0
DA:180,1
DA:184,1
DA:185,1
DA:186,1
DA:190,1
DA:191,0
DA:193,1
DA:196,1
DA:198,1
DA:199,2
DA:201,2
DA:204,2
DA:205,0
DA:207,2
DA:210,1
DA:211,1
DA:212,1
DA:214,1
DA:217,1
DA:218,0
DA:220,1
DA:223,1
DA:224,1
DA:225,1
DA:227,1
DA:234,1
DA:235,0
DA:237,1
DA:240,1
DA:241,1
DA:242,1
DA:245,1
DA:247,1
DA:248,1
DA:249,1
DA:250,1
DA:258,1
DA:260,1
DA:261,1
DA:262,3
DA:263,3
DA:265,3
DA:269,3
DA:270,1
DA:272,2
DA:273,2
DA:274,2
DA:275,2
DA:277,0
DA:279,2
DA:280,1
DA:281,1
DA:283,1
DA:288,1
DA:289,1
DA:298,0
DA:301,1
DA:310,1
DA:313,1
DA:314,1
DA:316,1
DA:317,0
DA:321,1
DA:325,1
DA:327,1
DA:328,1
DA:329,1
DA:337,1
DA:338,0
DA:342,1
DA:345,1
DA:348,1
DA:349,1
DA:350,1
DA:358,1
DA:359,0
DA:363,1
DA:368,1
DA:370,1
DA:371,1
DA:372,1
DA:377,1
DA:378,0
DA:382,1
DA:387,1
DA:389,1
DA:390,1
DA:391,1
DA:392,1
DA:393,1
DA:395,0
DA:398,1
DA:405,1
DA:409,1
DA:411,1
DA:413,1
DA:414,7
DA:415,7
DA:416,7
DA:418,7
DA:419,7
DA:421,6
DA:429,6
DA:436,6
DA:437,5
DA:441,1
DA:444,1
DA:447,1
DA:448,1
DA:449,1
DA:450,1
DA:451,1
DA:453,1
DA:454,1
DA:456,1
DA:464,1
DA:471,1
DA:472,1
DA:476,0
DA:479,0
DA:482,1
DA:484,1
DA:485,0
DA:486,0
DA:491,0
DA:495,0
DA:496,0
DA:498,0
DA:501,1
DA:502,1
DA:503,0
DA:504,0
DA:508,0
DA:512,0
DA:513,0
DA:515,0
DA:518,1
DA:519,1
DA:520,1
DA:522,1
DA:523,1
DA:527,1
DA:528,0
DA:530,1
DA:533,1
DA:534,1
DA:535,1
DA:541,1
DA:542,1
DA:545,1
DA:547,1
DA:548,1
DA:550,1
DA:554,1
DA:557,1
DA:558,0
DA:559,0
DA:561,1
DA:564,1
DA:566,1
DA:567,1
DA:568,1
DA:569,1
DA:574,1
DA:576,1
DA:578,1
DA:579,1
DA:580,1
DA:581,1
DA:585,1
DA:586,1
DA:588,1
DA:591,1
DA:592,1
DA:594,1
DA:595,2
DA:596,0
DA:599,2
DA:600,2
DA:603,1
DA:604,1
LF:239
LH:199
BRDA:23,0,0,1
BRDA:23,0,1,1
BRDA:38,1,0,1
BRDA:38,1,1,0
BRDA:73,2,0,0
BRDA:73,2,1,1
BRDA:73,3,0,1
BRDA:73,3,1,1
BRDA:78,4,0,1
BRDA:78,4,1,0
BRDA:78,5,0,1
BRDA:78,5,1,1
BRDA:89,6,0,1
BRDA:89,6,1,0
BRDA:112,7,0,1
BRDA:112,7,1,0
BRDA:112,8,0,1
BRDA:112,8,1,1
BRDA:129,9,0,1
BRDA:129,9,1,0
BRDA:135,10,0,1
BRDA:135,10,1,0
BRDA:155,11,0,0
BRDA:155,11,1,1
BRDA:156,12,0,1
BRDA:156,12,1,1
BRDA:156,12,2,1
BRDA:169,13,0,1
BRDA:169,13,1,0
BRDA:169,14,0,1
BRDA:169,14,1,1
BRDA:190,15,0,0
BRDA:190,15,1,1
BRDA:204,16,0,0
BRDA:204,16,1,2
BRDA:217,17,0,0
BRDA:217,17,1,1
BRDA:234,18,0,0
BRDA:234,18,1,1
BRDA:269,19,0,1
BRDA:269,19,1,2
BRDA:279,20,0,1
BRDA:279,20,1,1
BRDA:316,21,0,0
BRDA:316,21,1,1
BRDA:337,22,0,0
BRDA:337,22,1,1
BRDA:358,23,0,0
BRDA:358,23,1,1
BRDA:377,24,0,0
BRDA:377,24,1,1
BRDA:419,25,0,6
BRDA:419,25,1,1
BRDA:436,26,0,5
BRDA:436,26,1,1
BRDA:436,27,0,6
BRDA:436,27,1,6
BRDA:454,28,0,1
BRDA:454,28,1,0
BRDA:471,29,0,1
BRDA:471,29,1,0
BRDA:471,30,0,1
BRDA:471,30,1,1
BRDA:495,31,0,0
BRDA:495,31,1,0
BRDA:512,32,0,0
BRDA:512,32,1,0
BRDA:527,33,0,0
BRDA:527,33,1,1
BRDA:541,34,0,1
BRDA:541,34,1,0
BRDA:557,35,0,0
BRDA:557,35,1,1
BRDA:557,36,0,1
BRDA:557,36,1,1
BRDA:595,37,0,0
BRDA:595,37,1,2
BRDA:599,38,0,2
BRDA:599,38,1,0
BRDA:600,39,0,2
BRDA:600,39,1,0
BRF:81
BRH:52
end_of_record
