TN:
SF:db.js
FN:14,(anonymous_0)
FNF:1
FNH:1
FNDA:88,(anonymous_0)
DA:4,1
DA:5,1
DA:6,1
DA:7,1
DA:14,88
LF:5
LH:5
BRDA:8,0,0,0
BRDA:8,0,1,1
BRDA:11,1,0,0
BRDA:11,1,1,1
BRF:4
BRH:2
end_of_record
TN:
SF:http-error.js
FN:2,(anonymous_0)
FNF:1
FNH:1
FNDA:4,(anonymous_0)
DA:3,4
DA:4,4
LF:2
LH:2
BRF:0
BRH:0
end_of_record
TN:
SF:server.js
FN:16,(anonymous_0)
FN:68,(anonymous_1)
FN:130,(anonymous_2)
FN:166,(anonymous_3)
FN:183,(anonymous_4)
FN:217,(anonymous_5)
FN:251,(anonymous_6)
FN:265,(anonymous_7)
FN:278,(anonymous_8)
FN:291,(anonymous_9)
FN:308,(anonymous_10)
FN:315,(anonymous_11)
FN:328,(anonymous_12)
FN:378,(anonymous_13)
FN:419,(anonymous_14)
FN:433,(anonymous_15)
FN:454,(anonymous_16)
FN:476,(anonymous_17)
FN:495,(anonymous_18)
FN:519,(anonymous_19)
FN:554,(anonymous_20)
FN:590,(anonymous_21)
FN:608,(anonymous_22)
FN:625,(anonymous_23)
FN:640,(anonymous_24)
FN:655,(anonymous_25)
FN:674,(anonymous_26)
FN:686,(anonymous_27)
FN:698,(anonymous_28)
FN:701,(anonymous_29)
FN:710,(anonymous_30)
FNF:31
FNH:29
FNDA:2,(anonymous_0)
FNDA:2,(anonymous_1)
FNDA:1,(anonymous_2)
FNDA:1,(anonymous_3)
FNDA:1,(anonymous_4)
FNDA:1,(anonymous_5)
FNDA:1,(anonymous_6)
FNDA:2,(anonymous_7)
FNDA:1,(anonymous_8)
FNDA:1,(anonymous_9)
FNDA:1,(anonymous_10)
FNDA:1,(anonymous_11)
FNDA:3,(anonymous_12)
FNDA:1,(anonymous_13)
FNDA:1,(anonymous_14)
FNDA:2,(anonymous_15)
FNDA:1,(anonymous_16)
FNDA:1,(anonymous_17)
FNDA:1,(anonymous_18)
FNDA:7,(anonymous_19)
FNDA:1,(anonymous_20)
FNDA:0,(anonymous_21)
FNDA:0,(anonymous_22)
FNDA:1,(anonymous_23)
FNDA:1,(anonymous_24)
FNDA:1,(anonymous_25)
FNDA:1,(anonymous_26)
FNDA:1,(anonymous_27)
FNDA:1,(anonymous_28)
FNDA:3,(anonymous_29)
FNDA:1,(anonymous_30)
DA:9,1
DA:10,1
DA:11,1
DA:12,1
DA:13,1
DA:16,1
DA:17,2
DA:22,2
DA:23,1
DA:26,1
DA:27,1
DA:29,0
DA:32,1
DA:37,1
DA:38,1
DA:45,1
DA:46,1
DA:55,0
DA:58,1
DA:64,0
DA:67,1
DA:68,1
DA:69,2
DA:70,2
DA:71,0
DA:73,2
DA:78,2
DA:79,1
DA:87,1
DA:99,1
DA:100,1
DA:106,1
DA:107,1
DA:116,0
DA:119,1
DA:125,0
DA:128,1
DA:130,1
DA:132,1
DA:133,0
DA:137,1
DA:138,1
DA:143,0
DA:148,1
DA:149,1
DA:150,1
DA:154,1
DA:158,0
DA:163,1
DA:166,1
DA:167,1
DA:171,1
DA:172,1
DA:176,0
DA:181,1
DA:183,1
DA:184,1
DA:188,1
DA:189,0
DA:191,1
DA:195,1
DA:196,1
DA:201,1
DA:202,1
DA:203,1
DA:204,1
DA:209,0
DA:215,1
DA:217,1
DA:218,1
DA:222,1
DA:227,0
DA:228,0
DA:232,1
DA:236,1
DA:237,1
DA:241,0
DA:247,1
DA:251,1
DA:252,1
DA:253,1
DA:257,1
DA:258,0
DA:260,1
DA:263,1
DA:265,1
DA:266,2
DA:268,2
DA:271,2
DA:272,0
DA:274,2
DA:277,1
DA:278,1
DA:279,1
DA:281,1
DA:284,1
DA:285,0
DA:287,1
DA:290,1
DA:291,1
DA:292,1
DA:294,1
DA:301,1
DA:302,0
DA:304,1
DA:307,1
DA:308,1
DA:309,1
DA:312,1
DA:314,1
DA:315,1
DA:316,1
DA:317,1
DA:325,1
DA:327,1
DA:328,1
DA:329,3
DA:330,3
DA:332,3
DA:336,3
DA:337,1
DA:339,2
DA:340,2
DA:341,2
DA:342,2
DA:344,0
DA:346,2
DA:347,1
DA:348,1
DA:350,1
DA:355,1
DA:356,1
DA:365,0
DA:368,1
DA:377,1
DA:378,1
DA:380,1
DA:382,1
DA:386,1
DA:387,1
DA:392,1
DA:393,1
DA:402,0
DA:405,1
DA:412,0
DA:417,1
DA:419,1
DA:420,1
DA:422,1
DA:423,0
DA:427,1
DA:431,1
DA:433,1
DA:434,2
DA:435,2
DA:443,2
DA:444,1
DA:448,1
DA:451,1
DA:454,1
DA:455,1
DA:456,1
DA:464,1
DA:465,0
DA:469,1
DA:474,1
DA:476,1
DA:477,1
DA:478,1
DA:483,1
DA:484,0
DA:488,1
DA:493,1
DA:495,1
DA:496,1
DA:497,1
DA:498,1
DA:499,1
DA:501,0
DA:504,1
DA:511,1
DA:515,1
DA:517,1
DA:519,1
DA:520,7
DA:521,7
DA:522,7
DA:524,7
DA:525,7
DA:527,6
DA:535,6
DA:542,6
DA:543,5
DA:547,1
DA:550,1
DA:553,1
DA:554,1
DA:555,1
DA:556,1
DA:557,1
DA:559,1
DA:560,1
DA:562,1
DA:570,1
DA:577,1
DA:578,1
DA:582,0
DA:585,0
DA:588,1
DA:590,1
DA:591,0
DA:592,0
DA:597,0
DA:601,0
DA:602,0
DA:604,0
DA:607,1
DA:608,1
DA:609,0
DA:610,0
DA:614,0
DA:618,0
DA:619,0
DA:621,0
DA:624,1
DA:625,1
DA:626,1
DA:628,1
DA:629,1
DA:633,1
DA:634,0
DA:636,1
DA:639,1
DA:640,1
DA:641,1
DA:647,1
DA:648,1
DA:650,0
DA:653,1
DA:655,1
DA:656,1
DA:658,1
DA:662,1
DA:665,1
DA:666,0
DA:667,0
DA:669,1
DA:672,1
DA:674,1
DA:675,1
DA:676,1
DA:677,1
DA:682,1
DA:684,1
DA:686,1
DA:687,1
DA:688,1
DA:689,1
DA:693,1
DA:695,1
DA:698,1
DA:699,1
DA:701,1
DA:702,3
DA:703,0
DA:706,3
DA:707,3
DA:710,1
DA:711,1
LF:269
LH:223
BRDA:22,0,0,1
BRDA:22,0,1,1
BRDA:37,1,0,1
BRDA:37,1,1,0
BRDA:69,2,0,2
BRDA:69,2,1,0
BRDA:70,3,0,0
BRDA:70,3,1,2
BRDA:70,4,0,2
BRDA:70,4,1,2
BRDA:78,5,0,1
BRDA:78,5,1,1
BRDA:99,6,0,1
BRDA:99,6,1,0
BRDA:132,7,0,0
BRDA:132,7,1,1
BRDA:132,8,0,1
BRDA:132,8,1,1
BRDA:137,9,0,1
BRDA:137,9,1,0
BRDA:137,10,0,1
BRDA:137,10,1,1
BRDA:148,11,0,1
BRDA:148,11,1,0
BRDA:171,12,0,1
BRDA:171,12,1,0
BRDA:171,13,0,1
BRDA:171,13,1,1
BRDA:188,14,0,0
BRDA:188,14,1,1
BRDA:195,15,0,1
BRDA:195,15,1,0
BRDA:201,16,0,1
BRDA:201,16,1,0
BRDA:222,17,0,0
BRDA:222,17,1,1
BRDA:223,18,0,1
BRDA:223,18,1,1
BRDA:223,18,2,1
BRDA:236,19,0,1
BRDA:236,19,1,0
BRDA:236,20,0,1
BRDA:236,20,1,1
BRDA:257,21,0,0
BRDA:257,21,1,1
BRDA:271,22,0,0
BRDA:271,22,1,2
BRDA:284,23,0,0
BRDA:284,23,1,1
BRDA:301,24,0,0
BRDA:301,24,1,1
BRDA:336,25,0,1
BRDA:336,25,1,2
BRDA:346,26,0,1
BRDA:346,26,1,1
BRDA:386,27,0,1
BRDA:386,27,1,0
BRDA:422,28,0,0
BRDA:422,28,1,1
BRDA:443,29,0,1
BRDA:443,29,1,1
BRDA:464,30,0,0
BRDA:464,30,1,1
BRDA:483,31,0,0
BRDA:483,31,1,1
BRDA:525,32,0,6
BRDA:525,32,1,1
BRDA:542,33,0,5
BRDA:542,33,1,1
BRDA:542,34,0,6
BRDA:542,34,1,6
BRDA:560,35,0,1
BRDA:560,35,1,0
BRDA:577,36,0,1
BRDA:577,36,1,0
BRDA:577,37,0,1
BRDA:577,37,1,1
BRDA:601,38,0,0
BRDA:601,38,1,0
BRDA:618,39,0,0
BRDA:618,39,1,0
BRDA:633,40,0,0
BRDA:633,40,1,1
BRDA:647,41,0,1
BRDA:647,41,1,0
BRDA:665,42,0,0
BRDA:665,42,1,1
BRDA:665,43,0,1
BRDA:665,43,1,1
BRDA:702,44,0,0
BRDA:702,44,1,3
BRDA:706,45,0,3
BRDA:706,45,1,0
BRDA:707,46,0,3
BRDA:707,46,1,0
BRF:95
BRH:62
end_of_record
